[0.398s] DEBUG:colcon:Command line arguments: ['/usr/bin/colcon', 'build', '--symlink-install']
[0.399s] DEBUG:colcon:Parsed command line arguments: Namespace(log_base=None, log_level=None, verb_name='build', build_base='build', install_base='install', merge_install=False, symlink_install=True, test_result_base=None, continue_on_error=False, executor='parallel', parallel_workers=8, event_handlers=None, ignore_user_meta=False, metas=['./colcon.meta'], base_paths=['.'], packages_ignore=None, packages_ignore_regex=None, paths=None, packages_up_to=None, packages_up_to_regex=None, packages_above=None, packages_above_and_dependencies=None, packages_above_depth=None, packages_select_by_dep=None, packages_skip_by_dep=None, packages_skip_up_to=None, packages_select_build_failed=False, packages_skip_build_finished=False, packages_select_test_failures=False, packages_skip_test_passed=False, packages_select=None, packages_skip=None, packages_select_regex=None, packages_skip_regex=None, packages_start=None, packages_end=None, allow_overriding=[], cmake_args=None, cmake_target=None, cmake_target_skip_unavailable=False, cmake_clean_cache=False, cmake_clean_first=False, cmake_force_configure=False, ament_cmake_args=None, catkin_cmake_args=None, catkin_skip_building_tests=False, verb_parser=<colcon_defaults.argument_parser.defaults.DefaultArgumentsDecorator object at 0x788e01162b00>, verb_extension=<colcon_core.verb.build.BuildVerb object at 0x788e01118460>, main=<bound method BuildVerb.main of <colcon_core.verb.build.BuildVerb object at 0x788e01118460>>)
[0.573s] Level 1:colcon.colcon_core.package_discovery:discover_packages(colcon_meta) check parameters
[0.573s] Level 1:colcon.colcon_core.package_discovery:discover_packages(recursive) check parameters
[0.574s] Level 1:colcon.colcon_core.package_discovery:discover_packages(ignore) check parameters
[0.574s] Level 1:colcon.colcon_core.package_discovery:discover_packages(path) check parameters
[0.574s] Level 1:colcon.colcon_core.package_discovery:discover_packages(colcon_meta) discover
[0.574s] Level 1:colcon.colcon_core.package_discovery:discover_packages(recursive) discover
[0.574s] INFO:colcon.colcon_core.package_discovery:Crawling recursively for packages in '/home/maciej/Sentinel_ws'
[0.574s] Level 1:colcon.colcon_core.package_identification:_identify(.) by extensions ['ignore', 'ignore_ament_install']
[0.574s] Level 1:colcon.colcon_core.package_identification:_identify(.) by extension 'ignore'
[0.575s] Level 1:colcon.colcon_core.package_identification:_identify(.) by extension 'ignore_ament_install'
[0.575s] Level 1:colcon.colcon_core.package_identification:_identify(.) by extensions ['colcon_pkg']
[0.575s] Level 1:colcon.colcon_core.package_identification:_identify(.) by extension 'colcon_pkg'
[0.575s] Level 1:colcon.colcon_core.package_identification:_identify(.) by extensions ['colcon_meta']
[0.575s] Level 1:colcon.colcon_core.package_identification:_identify(.) by extension 'colcon_meta'
[0.575s] Level 1:colcon.colcon_core.package_identification:_identify(.) by extensions ['ros']
[0.575s] Level 1:colcon.colcon_core.package_identification:_identify(.) by extension 'ros'
[0.612s] Level 1:colcon.colcon_core.package_identification:_identify(.) by extensions ['cmake', 'python']
[0.612s] Level 1:colcon.colcon_core.package_identification:_identify(.) by extension 'cmake'
[0.612s] Level 1:colcon.colcon_core.package_identification:_identify(.) by extension 'python'
[0.612s] Level 1:colcon.colcon_core.package_identification:_identify(.) by extensions ['python_setup_py']
[0.612s] Level 1:colcon.colcon_core.package_identification:_identify(.) by extension 'python_setup_py'
[0.613s] Level 1:colcon.colcon_core.package_identification:_identify(build) by extensions ['ignore', 'ignore_ament_install']
[0.613s] Level 1:colcon.colcon_core.package_identification:_identify(build) by extension 'ignore'
[0.613s] Level 1:colcon.colcon_core.package_identification:_identify(build) ignored
[0.613s] Level 1:colcon.colcon_core.package_identification:_identify(install) by extensions ['ignore', 'ignore_ament_install']
[0.613s] Level 1:colcon.colcon_core.package_identification:_identify(install) by extension 'ignore'
[0.613s] Level 1:colcon.colcon_core.package_identification:_identify(install) ignored
[0.613s] Level 1:colcon.colcon_core.package_identification:_identify(log) by extensions ['ignore', 'ignore_ament_install']
[0.614s] Level 1:colcon.colcon_core.package_identification:_identify(log) by extension 'ignore'
[0.614s] Level 1:colcon.colcon_core.package_identification:_identify(log) ignored
[0.614s] Level 1:colcon.colcon_core.package_identification:_identify(src) by extensions ['ignore', 'ignore_ament_install']
[0.614s] Level 1:colcon.colcon_core.package_identification:_identify(src) by extension 'ignore'
[0.614s] Level 1:colcon.colcon_core.package_identification:_identify(src) by extension 'ignore_ament_install'
[0.614s] Level 1:colcon.colcon_core.package_identification:_identify(src) by extensions ['colcon_pkg']
[0.614s] Level 1:colcon.colcon_core.package_identification:_identify(src) by extension 'colcon_pkg'
[0.614s] Level 1:colcon.colcon_core.package_identification:_identify(src) by extensions ['colcon_meta']
[0.614s] Level 1:colcon.colcon_core.package_identification:_identify(src) by extension 'colcon_meta'
[0.614s] Level 1:colcon.colcon_core.package_identification:_identify(src) by extensions ['ros']
[0.614s] Level 1:colcon.colcon_core.package_identification:_identify(src) by extension 'ros'
[0.615s] Level 1:colcon.colcon_core.package_identification:_identify(src) by extensions ['cmake', 'python']
[0.615s] Level 1:colcon.colcon_core.package_identification:_identify(src) by extension 'cmake'
[0.615s] Level 1:colcon.colcon_core.package_identification:_identify(src) by extension 'python'
[0.615s] Level 1:colcon.colcon_core.package_identification:_identify(src) by extensions ['python_setup_py']
[0.615s] Level 1:colcon.colcon_core.package_identification:_identify(src) by extension 'python_setup_py'
[0.615s] Level 1:colcon.colcon_core.package_identification:_identify(src/Sentinel) by extensions ['ignore', 'ignore_ament_install']
[0.615s] Level 1:colcon.colcon_core.package_identification:_identify(src/Sentinel) by extension 'ignore'
[0.615s] Level 1:colcon.colcon_core.package_identification:_identify(src/Sentinel) by extension 'ignore_ament_install'
[0.615s] Level 1:colcon.colcon_core.package_identification:_identify(src/Sentinel) by extensions ['colcon_pkg']
[0.615s] Level 1:colcon.colcon_core.package_identification:_identify(src/Sentinel) by extension 'colcon_pkg'
[0.615s] Level 1:colcon.colcon_core.package_identification:_identify(src/Sentinel) by extensions ['colcon_meta']
[0.615s] Level 1:colcon.colcon_core.package_identification:_identify(src/Sentinel) by extension 'colcon_meta'
[0.615s] Level 1:colcon.colcon_core.package_identification:_identify(src/Sentinel) by extensions ['ros']
[0.615s] Level 1:colcon.colcon_core.package_identification:_identify(src/Sentinel) by extension 'ros'
[0.624s] DEBUG:colcon.colcon_core.package_identification:Package 'src/Sentinel' with type 'ros.ament_cmake' and name 'Sentinel'
[0.624s] Level 1:colcon.colcon_core.package_identification:_identify(src/sentinel_control) by extensions ['ignore', 'ignore_ament_install']
[0.625s] Level 1:colcon.colcon_core.package_identification:_identify(src/sentinel_control) by extension 'ignore'
[0.625s] Level 1:colcon.colcon_core.package_identification:_identify(src/sentinel_control) by extension 'ignore_ament_install'
[0.625s] Level 1:colcon.colcon_core.package_identification:_identify(src/sentinel_control) by extensions ['colcon_pkg']
[0.625s] Level 1:colcon.colcon_core.package_identification:_identify(src/sentinel_control) by extension 'colcon_pkg'
[0.625s] Level 1:colcon.colcon_core.package_identification:_identify(src/sentinel_control) by extensions ['colcon_meta']
[0.625s] Level 1:colcon.colcon_core.package_identification:_identify(src/sentinel_control) by extension 'colcon_meta'
[0.626s] Level 1:colcon.colcon_core.package_identification:_identify(src/sentinel_control) by extensions ['ros']
[0.626s] Level 1:colcon.colcon_core.package_identification:_identify(src/sentinel_control) by extension 'ros'
[0.628s] DEBUG:colcon.colcon_core.package_identification:Package 'src/sentinel_control' with type 'ros.ament_python' and name 'sentinel_control'
[0.629s] Level 1:colcon.colcon_core.package_discovery:discover_packages(recursive) using defaults
[0.629s] Level 1:colcon.colcon_core.package_discovery:discover_packages(ignore) discover
[0.629s] Level 1:colcon.colcon_core.package_discovery:discover_packages(ignore) using defaults
[0.629s] Level 1:colcon.colcon_core.package_discovery:discover_packages(path) discover
[0.629s] Level 1:colcon.colcon_core.package_discovery:discover_packages(path) using defaults
[0.705s] Level 1:colcon.colcon_core.package_discovery:discover_packages(prefix_path) check parameters
[0.706s] Level 1:colcon.colcon_core.package_discovery:discover_packages(prefix_path) discover
[0.745s] DEBUG:colcon.colcon_installed_package_information.package_discovery:Found 2 installed packages in /home/maciej/Sentinel_ws/install
[0.751s] DEBUG:colcon.colcon_installed_package_information.package_discovery:Found 87 installed packages in /home/maciej/ros2_ws/install
[0.755s] DEBUG:colcon.colcon_installed_package_information.package_discovery:Found 5 installed packages in /home/maciej/Sim/MecHaRo-Lab_ROSBot2Pro/ws_ros2_husarion/install
[0.761s] DEBUG:colcon.colcon_installed_package_information.package_discovery:Found 452 installed packages in /opt/ros/humble
[0.772s] Level 1:colcon.colcon_core.package_discovery:discover_packages(prefix_path) using defaults
[1.295s] Level 5:colcon.colcon_core.verb:set package 'Sentinel' build argument 'cmake_args' from command line to 'None'
[1.295s] Level 5:colcon.colcon_core.verb:set package 'Sentinel' build argument 'cmake_target' from command line to 'None'
[1.295s] Level 5:colcon.colcon_core.verb:set package 'Sentinel' build argument 'cmake_target_skip_unavailable' from command line to 'False'
[1.295s] Level 5:colcon.colcon_core.verb:set package 'Sentinel' build argument 'cmake_clean_cache' from command line to 'False'
[1.295s] Level 5:colcon.colcon_core.verb:set package 'Sentinel' build argument 'cmake_clean_first' from command line to 'False'
[1.295s] Level 5:colcon.colcon_core.verb:set package 'Sentinel' build argument 'cmake_force_configure' from command line to 'False'
[1.295s] Level 5:colcon.colcon_core.verb:set package 'Sentinel' build argument 'ament_cmake_args' from command line to 'None'
[1.295s] Level 5:colcon.colcon_core.verb:set package 'Sentinel' build argument 'catkin_cmake_args' from command line to 'None'
[1.295s] Level 5:colcon.colcon_core.verb:set package 'Sentinel' build argument 'catkin_skip_building_tests' from command line to 'False'
[1.296s] DEBUG:colcon.colcon_core.verb:Building package 'Sentinel' with the following arguments: {'ament_cmake_args': None, 'build_base': '/home/maciej/Sentinel_ws/build/Sentinel', 'catkin_cmake_args': None, 'catkin_skip_building_tests': False, 'cmake_args': None, 'cmake_clean_cache': False, 'cmake_clean_first': False, 'cmake_force_configure': False, 'cmake_target': None, 'cmake_target_skip_unavailable': False, 'install_base': '/home/maciej/Sentinel_ws/install/Sentinel', 'merge_install': False, 'path': '/home/maciej/Sentinel_ws/src/Sentinel', 'symlink_install': True, 'test_result_base': None}
[1.297s] Level 5:colcon.colcon_core.verb:set package 'sentinel_control' build argument 'cmake_args' from command line to 'None'
[1.297s] Level 5:colcon.colcon_core.verb:set package 'sentinel_control' build argument 'cmake_target' from command line to 'None'
[1.297s] Level 5:colcon.colcon_core.verb:set package 'sentinel_control' build argument 'cmake_target_skip_unavailable' from command line to 'False'
[1.297s] Level 5:colcon.colcon_core.verb:set package 'sentinel_control' build argument 'cmake_clean_cache' from command line to 'False'
[1.297s] Level 5:colcon.colcon_core.verb:set package 'sentinel_control' build argument 'cmake_clean_first' from command line to 'False'
[1.297s] Level 5:colcon.colcon_core.verb:set package 'sentinel_control' build argument 'cmake_force_configure' from command line to 'False'
[1.297s] Level 5:colcon.colcon_core.verb:set package 'sentinel_control' build argument 'ament_cmake_args' from command line to 'None'
[1.297s] Level 5:colcon.colcon_core.verb:set package 'sentinel_control' build argument 'catkin_cmake_args' from command line to 'None'
[1.297s] Level 5:colcon.colcon_core.verb:set package 'sentinel_control' build argument 'catkin_skip_building_tests' from command line to 'False'
[1.298s] DEBUG:colcon.colcon_core.verb:Building package 'sentinel_control' with the following arguments: {'ament_cmake_args': None, 'build_base': '/home/maciej/Sentinel_ws/build/sentinel_control', 'catkin_cmake_args': None, 'catkin_skip_building_tests': False, 'cmake_args': None, 'cmake_clean_cache': False, 'cmake_clean_first': False, 'cmake_force_configure': False, 'cmake_target': None, 'cmake_target_skip_unavailable': False, 'install_base': '/home/maciej/Sentinel_ws/install/sentinel_control', 'merge_install': False, 'path': '/home/maciej/Sentinel_ws/src/sentinel_control', 'symlink_install': True, 'test_result_base': None}
[1.298s] INFO:colcon.colcon_core.executor:Executing jobs using 'parallel' executor
[1.303s] DEBUG:colcon.colcon_parallel_executor.executor.parallel:run_until_complete
[1.305s] INFO:colcon.colcon_ros.task.ament_cmake.build:Building ROS package in '/home/maciej/Sentinel_ws/src/Sentinel' with build type 'ament_cmake'
[1.305s] INFO:colcon.colcon_cmake.task.cmake.build:Building CMake package in '/home/maciej/Sentinel_ws/src/Sentinel'
[1.319s] INFO:colcon.colcon_core.plugin_system:Skipping extension 'colcon_core.shell.bat': Not used on non-Windows systems
[1.319s] INFO:colcon.colcon_core.shell:Skip shell extension 'powershell' for command environment: Not usable outside of PowerShell
[1.320s] DEBUG:colcon.colcon_core.shell:Skip shell extension 'dsv' for command environment
[1.343s] INFO:colcon.colcon_ros.task.ament_python.build:Building ROS package in '/home/maciej/Sentinel_ws/src/sentinel_control' with build type 'ament_python'
[1.344s] Level 1:colcon.colcon_core.shell:create_environment_hook('sentinel_control', 'ament_prefix_path')
[1.345s] INFO:colcon.colcon_core.shell:Creating environment hook '/home/maciej/Sentinel_ws/install/sentinel_control/share/sentinel_control/hook/ament_prefix_path.ps1'
[1.348s] INFO:colcon.colcon_core.shell:Creating environment descriptor '/home/maciej/Sentinel_ws/install/sentinel_control/share/sentinel_control/hook/ament_prefix_path.dsv'
[1.349s] INFO:colcon.colcon_core.shell:Creating environment hook '/home/maciej/Sentinel_ws/install/sentinel_control/share/sentinel_control/hook/ament_prefix_path.sh'
[1.351s] INFO:colcon.colcon_core.shell:Skip shell extension 'powershell' for command environment: Not usable outside of PowerShell
[1.352s] DEBUG:colcon.colcon_core.shell:Skip shell extension 'dsv' for command environment
[1.380s] DEBUG:colcon.colcon_core.event_handler.log_command:Invoking command in '/home/maciej/Sentinel_ws/build/Sentinel': CMAKE_PREFIX_PATH=${CMAKE_PREFIX_PATH}:/home/maciej/Sentinel_ws/install/sentinel_control:/home/maciej/ros2_ws/install/webots_ros2:/home/maciej/ros2_ws/install/webots_ros2_universal_robot:/home/maciej/ros2_ws/install/webots_ros2_turtlebot:/home/maciej/ros2_ws/install/webots_ros2_tiago:/home/maciej/ros2_ws/install/webots_ros2_tests:/home/maciej/ros2_ws/install/webots_ros2_tesla:/home/maciej/ros2_ws/install/webots_ros2_mavic:/home/maciej/ros2_ws/install/webots_ros2_epuck:/home/maciej/ros2_ws/install/topic_monitor:/home/maciej/ros2_ws/install/self_balancing_robot:/home/maciej/ros2_ws/install/quality_of_service_demo_py:/home/maciej/ros2_ws/install/nav2_simple_commander:/home/maciej/ros2_ws/install/lifecycle_py:/home/maciej/ros2_ws/install/joy_tester:/home/maciej/ros2_ws/install/demo_nodes_py:/home/maciej/ros2_ws/install/action_tutorials_py:/home/maciej/Sim/MecHaRo-Lab_ROSBot2Pro/ws_ros2_husarion/install/webots_ros2_husarion:/opt/ros/humble /usr/bin/cmake --build /home/maciej/Sentinel_ws/build/Sentinel -- -j8 -l8
[2.030s] INFO:colcon.colcon_core.task.python.build:Building Python package in '/home/maciej/Sentinel_ws/src/sentinel_control'
[2.031s] INFO:colcon.colcon_core.shell:Skip shell extension 'powershell' for command environment: Not usable outside of PowerShell
[2.031s] DEBUG:colcon.colcon_core.shell:Skip shell extension 'dsv' for command environment
[2.053s] DEBUG:colcon.colcon_core.event_handler.log_command:Invoked command in '/home/maciej/Sentinel_ws/build/Sentinel' returned '0': CMAKE_PREFIX_PATH=${CMAKE_PREFIX_PATH}:/home/maciej/Sentinel_ws/install/sentinel_control:/home/maciej/ros2_ws/install/webots_ros2:/home/maciej/ros2_ws/install/webots_ros2_universal_robot:/home/maciej/ros2_ws/install/webots_ros2_turtlebot:/home/maciej/ros2_ws/install/webots_ros2_tiago:/home/maciej/ros2_ws/install/webots_ros2_tests:/home/maciej/ros2_ws/install/webots_ros2_tesla:/home/maciej/ros2_ws/install/webots_ros2_mavic:/home/maciej/ros2_ws/install/webots_ros2_epuck:/home/maciej/ros2_ws/install/topic_monitor:/home/maciej/ros2_ws/install/self_balancing_robot:/home/maciej/ros2_ws/install/quality_of_service_demo_py:/home/maciej/ros2_ws/install/nav2_simple_commander:/home/maciej/ros2_ws/install/lifecycle_py:/home/maciej/ros2_ws/install/joy_tester:/home/maciej/ros2_ws/install/demo_nodes_py:/home/maciej/ros2_ws/install/action_tutorials_py:/home/maciej/Sim/MecHaRo-Lab_ROSBot2Pro/ws_ros2_husarion/install/webots_ros2_husarion:/opt/ros/humble /usr/bin/cmake --build /home/maciej/Sentinel_ws/build/Sentinel -- -j8 -l8
[2.092s] DEBUG:colcon.colcon_core.event_handler.log_command:Invoking command in '/home/maciej/Sentinel_ws/build/Sentinel': CMAKE_PREFIX_PATH=${CMAKE_PREFIX_PATH}:/home/maciej/Sentinel_ws/install/sentinel_control:/home/maciej/ros2_ws/install/webots_ros2:/home/maciej/ros2_ws/install/webots_ros2_universal_robot:/home/maciej/ros2_ws/install/webots_ros2_turtlebot:/home/maciej/ros2_ws/install/webots_ros2_tiago:/home/maciej/ros2_ws/install/webots_ros2_tests:/home/maciej/ros2_ws/install/webots_ros2_tesla:/home/maciej/ros2_ws/install/webots_ros2_mavic:/home/maciej/ros2_ws/install/webots_ros2_epuck:/home/maciej/ros2_ws/install/topic_monitor:/home/maciej/ros2_ws/install/self_balancing_robot:/home/maciej/ros2_ws/install/quality_of_service_demo_py:/home/maciej/ros2_ws/install/nav2_simple_commander:/home/maciej/ros2_ws/install/lifecycle_py:/home/maciej/ros2_ws/install/joy_tester:/home/maciej/ros2_ws/install/demo_nodes_py:/home/maciej/ros2_ws/install/action_tutorials_py:/home/maciej/Sim/MecHaRo-Lab_ROSBot2Pro/ws_ros2_husarion/install/webots_ros2_husarion:/opt/ros/humble /usr/bin/cmake --install /home/maciej/Sentinel_ws/build/Sentinel
[2.201s] Level 1:colcon.colcon_core.environment:create_environment_scripts_only(Sentinel)
[2.203s] DEBUG:colcon.colcon_core.event_handler.log_command:Invoked command in '/home/maciej/Sentinel_ws/build/Sentinel' returned '0': CMAKE_PREFIX_PATH=${CMAKE_PREFIX_PATH}:/home/maciej/Sentinel_ws/install/sentinel_control:/home/maciej/ros2_ws/install/webots_ros2:/home/maciej/ros2_ws/install/webots_ros2_universal_robot:/home/maciej/ros2_ws/install/webots_ros2_turtlebot:/home/maciej/ros2_ws/install/webots_ros2_tiago:/home/maciej/ros2_ws/install/webots_ros2_tests:/home/maciej/ros2_ws/install/webots_ros2_tesla:/home/maciej/ros2_ws/install/webots_ros2_mavic:/home/maciej/ros2_ws/install/webots_ros2_epuck:/home/maciej/ros2_ws/install/topic_monitor:/home/maciej/ros2_ws/install/self_balancing_robot:/home/maciej/ros2_ws/install/quality_of_service_demo_py:/home/maciej/ros2_ws/install/nav2_simple_commander:/home/maciej/ros2_ws/install/lifecycle_py:/home/maciej/ros2_ws/install/joy_tester:/home/maciej/ros2_ws/install/demo_nodes_py:/home/maciej/ros2_ws/install/action_tutorials_py:/home/maciej/Sim/MecHaRo-Lab_ROSBot2Pro/ws_ros2_husarion/install/webots_ros2_husarion:/opt/ros/humble /usr/bin/cmake --install /home/maciej/Sentinel_ws/build/Sentinel
[2.217s] Level 1:colcon.colcon_core.environment:checking '/home/maciej/Sentinel_ws/install/Sentinel' for CMake module files
[2.219s] Level 1:colcon.colcon_core.environment:checking '/home/maciej/Sentinel_ws/install/Sentinel' for CMake config files
[2.219s] Level 1:colcon.colcon_core.shell:create_environment_hook('Sentinel', 'cmake_prefix_path')
[2.220s] INFO:colcon.colcon_core.shell:Creating environment hook '/home/maciej/Sentinel_ws/install/Sentinel/share/Sentinel/hook/cmake_prefix_path.ps1'
[2.222s] INFO:colcon.colcon_core.shell:Creating environment descriptor '/home/maciej/Sentinel_ws/install/Sentinel/share/Sentinel/hook/cmake_prefix_path.dsv'
[2.223s] INFO:colcon.colcon_core.shell:Creating environment hook '/home/maciej/Sentinel_ws/install/Sentinel/share/Sentinel/hook/cmake_prefix_path.sh'
[2.226s] Level 1:colcon.colcon_core.environment:checking '/home/maciej/Sentinel_ws/install/Sentinel/bin'
[2.226s] Level 1:colcon.colcon_core.environment:checking '/home/maciej/Sentinel_ws/install/Sentinel/lib/pkgconfig/Sentinel.pc'
[2.226s] Level 1:colcon.colcon_core.environment:checking '/home/maciej/Sentinel_ws/install/Sentinel/lib/python3.10/site-packages'
[2.227s] Level 1:colcon.colcon_core.environment:checking '/home/maciej/Sentinel_ws/install/Sentinel/bin'
[2.228s] INFO:colcon.colcon_core.shell:Creating package script '/home/maciej/Sentinel_ws/install/Sentinel/share/Sentinel/package.ps1'
[2.232s] INFO:colcon.colcon_core.shell:Creating package descriptor '/home/maciej/Sentinel_ws/install/Sentinel/share/Sentinel/package.dsv'
[2.235s] INFO:colcon.colcon_core.shell:Creating package script '/home/maciej/Sentinel_ws/install/Sentinel/share/Sentinel/package.sh'
[2.238s] INFO:colcon.colcon_core.shell:Creating package script '/home/maciej/Sentinel_ws/install/Sentinel/share/Sentinel/package.bash'
[2.240s] INFO:colcon.colcon_core.shell:Creating package script '/home/maciej/Sentinel_ws/install/Sentinel/share/Sentinel/package.zsh'
[2.243s] Level 1:colcon.colcon_core.environment:create_file_with_runtime_dependencies(/home/maciej/Sentinel_ws/install/Sentinel/share/colcon-core/packages/Sentinel)
[2.244s] Level 1:colcon.colcon_core.environment:create_environment_scripts_only(Sentinel)
[2.245s] Level 1:colcon.colcon_core.environment:checking '/home/maciej/Sentinel_ws/install/Sentinel' for CMake module files
[2.246s] Level 1:colcon.colcon_core.environment:checking '/home/maciej/Sentinel_ws/install/Sentinel' for CMake config files
[2.246s] Level 1:colcon.colcon_core.shell:create_environment_hook('Sentinel', 'cmake_prefix_path')
[2.247s] INFO:colcon.colcon_core.shell:Creating environment hook '/home/maciej/Sentinel_ws/install/Sentinel/share/Sentinel/hook/cmake_prefix_path.ps1'
[2.248s] INFO:colcon.colcon_core.shell:Creating environment descriptor '/home/maciej/Sentinel_ws/install/Sentinel/share/Sentinel/hook/cmake_prefix_path.dsv'
[2.248s] INFO:colcon.colcon_core.shell:Creating environment hook '/home/maciej/Sentinel_ws/install/Sentinel/share/Sentinel/hook/cmake_prefix_path.sh'
[2.249s] Level 1:colcon.colcon_core.environment:checking '/home/maciej/Sentinel_ws/install/Sentinel/bin'
[2.249s] Level 1:colcon.colcon_core.environment:checking '/home/maciej/Sentinel_ws/install/Sentinel/lib/pkgconfig/Sentinel.pc'
[2.250s] Level 1:colcon.colcon_core.environment:checking '/home/maciej/Sentinel_ws/install/Sentinel/lib/python3.10/site-packages'
[2.250s] Level 1:colcon.colcon_core.environment:checking '/home/maciej/Sentinel_ws/install/Sentinel/bin'
[2.251s] INFO:colcon.colcon_core.shell:Creating package script '/home/maciej/Sentinel_ws/install/Sentinel/share/Sentinel/package.ps1'
[2.253s] INFO:colcon.colcon_core.shell:Creating package descriptor '/home/maciej/Sentinel_ws/install/Sentinel/share/Sentinel/package.dsv'
[2.255s] INFO:colcon.colcon_core.shell:Creating package script '/home/maciej/Sentinel_ws/install/Sentinel/share/Sentinel/package.sh'
[2.258s] INFO:colcon.colcon_core.shell:Creating package script '/home/maciej/Sentinel_ws/install/Sentinel/share/Sentinel/package.bash'
[2.259s] INFO:colcon.colcon_core.shell:Creating package script '/home/maciej/Sentinel_ws/install/Sentinel/share/Sentinel/package.zsh'
[2.260s] Level 1:colcon.colcon_core.environment:create_file_with_runtime_dependencies(/home/maciej/Sentinel_ws/install/Sentinel/share/colcon-core/packages/Sentinel)
[4.318s] DEBUG:colcon.colcon_core.event_handler.log_command:Invoking command in '/home/maciej/Sentinel_ws/build/sentinel_control': PYTHONPATH=/home/maciej/Sentinel_ws/build/sentinel_control/prefix_override:/usr/lib/python3/dist-packages/colcon_core/task/python/colcon_distutils_commands:/home/maciej/Sentinel_ws/install/sentinel_control/lib/python3.10/site-packages:${PYTHONPATH} /usr/bin/python3 -W ignore:setup.py install is deprecated -W ignore:easy_install command is deprecated setup.py develop --editable --build-directory /home/maciej/Sentinel_ws/build/sentinel_control/build --no-deps symlink_data
[6.115s] Level 1:colcon.colcon_core.shell:create_environment_hook('sentinel_control', 'pythonpath_develop')
[6.115s] INFO:colcon.colcon_core.shell:Creating environment hook '/home/maciej/Sentinel_ws/build/sentinel_control/share/sentinel_control/hook/pythonpath_develop.ps1'
[6.117s] DEBUG:colcon.colcon_core.event_handler.log_command:Invoked command in '/home/maciej/Sentinel_ws/build/sentinel_control' returned '0': PYTHONPATH=/home/maciej/Sentinel_ws/build/sentinel_control/prefix_override:/usr/lib/python3/dist-packages/colcon_core/task/python/colcon_distutils_commands:/home/maciej/Sentinel_ws/install/sentinel_control/lib/python3.10/site-packages:${PYTHONPATH} /usr/bin/python3 -W ignore:setup.py install is deprecated -W ignore:easy_install command is deprecated setup.py develop --editable --build-directory /home/maciej/Sentinel_ws/build/sentinel_control/build --no-deps symlink_data
[6.118s] INFO:colcon.colcon_core.shell:Creating environment descriptor '/home/maciej/Sentinel_ws/build/sentinel_control/share/sentinel_control/hook/pythonpath_develop.dsv'
[6.119s] INFO:colcon.colcon_core.shell:Creating environment hook '/home/maciej/Sentinel_ws/build/sentinel_control/share/sentinel_control/hook/pythonpath_develop.sh'
[6.122s] Level 1:colcon.colcon_core.environment:checking '/home/maciej/Sentinel_ws/install/sentinel_control' for CMake module files
[6.124s] Level 1:colcon.colcon_core.environment:checking '/home/maciej/Sentinel_ws/install/sentinel_control' for CMake config files
[6.125s] Level 1:colcon.colcon_core.environment:checking '/home/maciej/Sentinel_ws/install/sentinel_control/lib'
[6.126s] Level 1:colcon.colcon_core.environment:checking '/home/maciej/Sentinel_ws/install/sentinel_control/bin'
[6.127s] Level 1:colcon.colcon_core.environment:checking '/home/maciej/Sentinel_ws/install/sentinel_control/lib/pkgconfig/sentinel_control.pc'
[6.127s] Level 1:colcon.colcon_core.environment:checking '/home/maciej/Sentinel_ws/install/sentinel_control/lib/python3.10/site-packages'
[6.129s] Level 1:colcon.colcon_core.shell:create_environment_hook('sentinel_control', 'pythonpath')
[6.129s] INFO:colcon.colcon_core.shell:Creating environment hook '/home/maciej/Sentinel_ws/install/sentinel_control/share/sentinel_control/hook/pythonpath.ps1'
[6.130s] INFO:colcon.colcon_core.shell:Creating environment descriptor '/home/maciej/Sentinel_ws/install/sentinel_control/share/sentinel_control/hook/pythonpath.dsv'
[6.131s] INFO:colcon.colcon_core.shell:Creating environment hook '/home/maciej/Sentinel_ws/install/sentinel_control/share/sentinel_control/hook/pythonpath.sh'
[6.132s] Level 1:colcon.colcon_core.environment:checking '/home/maciej/Sentinel_ws/install/sentinel_control/bin'
[6.132s] Level 1:colcon.colcon_core.environment:create_environment_scripts_only(sentinel_control)
[6.133s] INFO:colcon.colcon_core.shell:Creating package script '/home/maciej/Sentinel_ws/install/sentinel_control/share/sentinel_control/package.ps1'
[6.134s] INFO:colcon.colcon_core.shell:Creating package descriptor '/home/maciej/Sentinel_ws/install/sentinel_control/share/sentinel_control/package.dsv'
[6.135s] INFO:colcon.colcon_core.shell:Creating package script '/home/maciej/Sentinel_ws/install/sentinel_control/share/sentinel_control/package.sh'
[6.136s] INFO:colcon.colcon_core.shell:Creating package script '/home/maciej/Sentinel_ws/install/sentinel_control/share/sentinel_control/package.bash'
[6.138s] INFO:colcon.colcon_core.shell:Creating package script '/home/maciej/Sentinel_ws/install/sentinel_control/share/sentinel_control/package.zsh'
[6.139s] Level 1:colcon.colcon_core.environment:create_file_with_runtime_dependencies(/home/maciej/Sentinel_ws/install/sentinel_control/share/colcon-core/packages/sentinel_control)
[6.140s] DEBUG:colcon.colcon_parallel_executor.executor.parallel:closing loop
[6.141s] DEBUG:colcon.colcon_parallel_executor.executor.parallel:loop closed
[6.142s] DEBUG:colcon.colcon_parallel_executor.executor.parallel:run_until_complete finished with '0'
[6.142s] DEBUG:colcon.colcon_core.event_reactor:joining thread
[6.169s] INFO:colcon.colcon_core.plugin_system:Skipping extension 'colcon_notification.desktop_notification.terminal_notifier': Not used on non-Darwin systems
[6.169s] INFO:colcon.colcon_core.plugin_system:Skipping extension 'colcon_notification.desktop_notification.win32': Not used on non-Windows systems
[6.169s] INFO:colcon.colcon_notification.desktop_notification:Sending desktop notification using 'notify2'
[6.277s] DEBUG:colcon.colcon_core.event_reactor:joined thread
[6.279s] INFO:colcon.colcon_core.shell:Creating prefix script '/home/maciej/Sentinel_ws/install/local_setup.ps1'
[6.282s] INFO:colcon.colcon_core.shell:Creating prefix util module '/home/maciej/Sentinel_ws/install/_local_setup_util_ps1.py'
[6.286s] INFO:colcon.colcon_core.shell:Creating prefix chain script '/home/maciej/Sentinel_ws/install/setup.ps1'
[6.296s] INFO:colcon.colcon_core.shell:Creating prefix script '/home/maciej/Sentinel_ws/install/local_setup.sh'
[6.298s] INFO:colcon.colcon_core.shell:Creating prefix util module '/home/maciej/Sentinel_ws/install/_local_setup_util_sh.py'
[6.299s] INFO:colcon.colcon_core.shell:Creating prefix chain script '/home/maciej/Sentinel_ws/install/setup.sh'
[6.309s] INFO:colcon.colcon_core.shell:Creating prefix script '/home/maciej/Sentinel_ws/install/local_setup.bash'
[6.312s] INFO:colcon.colcon_core.shell:Creating prefix chain script '/home/maciej/Sentinel_ws/install/setup.bash'
[6.321s] INFO:colcon.colcon_core.shell:Creating prefix script '/home/maciej/Sentinel_ws/install/local_setup.zsh'
[6.323s] INFO:colcon.colcon_core.shell:Creating prefix chain script '/home/maciej/Sentinel_ws/install/setup.zsh'
