[0.442s] DEBUG:colcon:Command line arguments: ['/usr/bin/colcon', 'build', '--symlink-install']
[0.443s] DEBUG:colcon:Parsed command line arguments: Namespace(log_base=None, log_level=None, verb_name='build', build_base='build', install_base='install', merge_install=False, symlink_install=True, test_result_base=None, continue_on_error=False, executor='parallel', parallel_workers=8, event_handlers=None, ignore_user_meta=False, metas=['./colcon.meta'], base_paths=['.'], packages_ignore=None, packages_ignore_regex=None, paths=None, packages_up_to=None, packages_up_to_regex=None, packages_above=None, packages_above_and_dependencies=None, packages_above_depth=None, packages_select_by_dep=None, packages_skip_by_dep=None, packages_skip_up_to=None, packages_select_build_failed=False, packages_skip_build_finished=False, packages_select_test_failures=False, packages_skip_test_passed=False, packages_select=None, packages_skip=None, packages_select_regex=None, packages_skip_regex=None, packages_start=None, packages_end=None, allow_overriding=[], cmake_args=None, cmake_target=None, cmake_target_skip_unavailable=False, cmake_clean_cache=False, cmake_clean_first=False, cmake_force_configure=False, ament_cmake_args=None, catkin_cmake_args=None, catkin_skip_building_tests=False, verb_parser=<colcon_defaults.argument_parser.defaults.DefaultArgumentsDecorator object at 0x791da318e7a0>, verb_extension=<colcon_core.verb.build.BuildVerb object at 0x791da3144100>, main=<bound method BuildVerb.main of <colcon_core.verb.build.BuildVerb object at 0x791da3144100>>)
[0.591s] Level 1:colcon.colcon_core.package_discovery:discover_packages(colcon_meta) check parameters
[0.591s] Level 1:colcon.colcon_core.package_discovery:discover_packages(recursive) check parameters
[0.591s] Level 1:colcon.colcon_core.package_discovery:discover_packages(ignore) check parameters
[0.592s] Level 1:colcon.colcon_core.package_discovery:discover_packages(path) check parameters
[0.592s] Level 1:colcon.colcon_core.package_discovery:discover_packages(colcon_meta) discover
[0.592s] Level 1:colcon.colcon_core.package_discovery:discover_packages(recursive) discover
[0.592s] INFO:colcon.colcon_core.package_discovery:Crawling recursively for packages in '/home/maciej/Sentinel_ws'
[0.592s] Level 1:colcon.colcon_core.package_identification:_identify(.) by extensions ['ignore', 'ignore_ament_install']
[0.592s] Level 1:colcon.colcon_core.package_identification:_identify(.) by extension 'ignore'
[0.592s] Level 1:colcon.colcon_core.package_identification:_identify(.) by extension 'ignore_ament_install'
[0.592s] Level 1:colcon.colcon_core.package_identification:_identify(.) by extensions ['colcon_pkg']
[0.593s] Level 1:colcon.colcon_core.package_identification:_identify(.) by extension 'colcon_pkg'
[0.593s] Level 1:colcon.colcon_core.package_identification:_identify(.) by extensions ['colcon_meta']
[0.593s] Level 1:colcon.colcon_core.package_identification:_identify(.) by extension 'colcon_meta'
[0.593s] Level 1:colcon.colcon_core.package_identification:_identify(.) by extensions ['ros']
[0.593s] Level 1:colcon.colcon_core.package_identification:_identify(.) by extension 'ros'
[0.653s] Level 1:colcon.colcon_core.package_identification:_identify(.) by extensions ['cmake', 'python']
[0.653s] Level 1:colcon.colcon_core.package_identification:_identify(.) by extension 'cmake'
[0.654s] Level 1:colcon.colcon_core.package_identification:_identify(.) by extension 'python'
[0.654s] Level 1:colcon.colcon_core.package_identification:_identify(.) by extensions ['python_setup_py']
[0.654s] Level 1:colcon.colcon_core.package_identification:_identify(.) by extension 'python_setup_py'
[0.654s] Level 1:colcon.colcon_core.package_identification:_identify(build) by extensions ['ignore', 'ignore_ament_install']
[0.654s] Level 1:colcon.colcon_core.package_identification:_identify(build) by extension 'ignore'
[0.654s] Level 1:colcon.colcon_core.package_identification:_identify(build) ignored
[0.654s] Level 1:colcon.colcon_core.package_identification:_identify(install) by extensions ['ignore', 'ignore_ament_install']
[0.655s] Level 1:colcon.colcon_core.package_identification:_identify(install) by extension 'ignore'
[0.655s] Level 1:colcon.colcon_core.package_identification:_identify(install) ignored
[0.655s] Level 1:colcon.colcon_core.package_identification:_identify(log) by extensions ['ignore', 'ignore_ament_install']
[0.655s] Level 1:colcon.colcon_core.package_identification:_identify(log) by extension 'ignore'
[0.655s] Level 1:colcon.colcon_core.package_identification:_identify(log) ignored
[0.656s] Level 1:colcon.colcon_core.package_identification:_identify(src) by extensions ['ignore', 'ignore_ament_install']
[0.656s] Level 1:colcon.colcon_core.package_identification:_identify(src) by extension 'ignore'
[0.656s] Level 1:colcon.colcon_core.package_identification:_identify(src) by extension 'ignore_ament_install'
[0.656s] Level 1:colcon.colcon_core.package_identification:_identify(src) by extensions ['colcon_pkg']
[0.656s] Level 1:colcon.colcon_core.package_identification:_identify(src) by extension 'colcon_pkg'
[0.657s] Level 1:colcon.colcon_core.package_identification:_identify(src) by extensions ['colcon_meta']
[0.657s] Level 1:colcon.colcon_core.package_identification:_identify(src) by extension 'colcon_meta'
[0.657s] Level 1:colcon.colcon_core.package_identification:_identify(src) by extensions ['ros']
[0.657s] Level 1:colcon.colcon_core.package_identification:_identify(src) by extension 'ros'
[0.657s] Level 1:colcon.colcon_core.package_identification:_identify(src) by extensions ['cmake', 'python']
[0.657s] Level 1:colcon.colcon_core.package_identification:_identify(src) by extension 'cmake'
[0.657s] Level 1:colcon.colcon_core.package_identification:_identify(src) by extension 'python'
[0.657s] Level 1:colcon.colcon_core.package_identification:_identify(src) by extensions ['python_setup_py']
[0.657s] Level 1:colcon.colcon_core.package_identification:_identify(src) by extension 'python_setup_py'
[0.658s] Level 1:colcon.colcon_core.package_identification:_identify(src/Sentinel) by extensions ['ignore', 'ignore_ament_install']
[0.658s] Level 1:colcon.colcon_core.package_identification:_identify(src/Sentinel) by extension 'ignore'
[0.658s] Level 1:colcon.colcon_core.package_identification:_identify(src/Sentinel) by extension 'ignore_ament_install'
[0.658s] Level 1:colcon.colcon_core.package_identification:_identify(src/Sentinel) by extensions ['colcon_pkg']
[0.658s] Level 1:colcon.colcon_core.package_identification:_identify(src/Sentinel) by extension 'colcon_pkg'
[0.658s] Level 1:colcon.colcon_core.package_identification:_identify(src/Sentinel) by extensions ['colcon_meta']
[0.659s] Level 1:colcon.colcon_core.package_identification:_identify(src/Sentinel) by extension 'colcon_meta'
[0.659s] Level 1:colcon.colcon_core.package_identification:_identify(src/Sentinel) by extensions ['ros']
[0.659s] Level 1:colcon.colcon_core.package_identification:_identify(src/Sentinel) by extension 'ros'
[0.668s] DEBUG:colcon.colcon_core.package_identification:Package 'src/Sentinel' with type 'ros.ament_cmake' and name 'Sentinel'
[0.668s] Level 1:colcon.colcon_core.package_identification:_identify(src/sentinel_control) by extensions ['ignore', 'ignore_ament_install']
[0.669s] Level 1:colcon.colcon_core.package_identification:_identify(src/sentinel_control) by extension 'ignore'
[0.669s] Level 1:colcon.colcon_core.package_identification:_identify(src/sentinel_control) by extension 'ignore_ament_install'
[0.669s] Level 1:colcon.colcon_core.package_identification:_identify(src/sentinel_control) by extensions ['colcon_pkg']
[0.669s] Level 1:colcon.colcon_core.package_identification:_identify(src/sentinel_control) by extension 'colcon_pkg'
[0.669s] Level 1:colcon.colcon_core.package_identification:_identify(src/sentinel_control) by extensions ['colcon_meta']
[0.669s] Level 1:colcon.colcon_core.package_identification:_identify(src/sentinel_control) by extension 'colcon_meta'
[0.669s] Level 1:colcon.colcon_core.package_identification:_identify(src/sentinel_control) by extensions ['ros']
[0.669s] Level 1:colcon.colcon_core.package_identification:_identify(src/sentinel_control) by extension 'ros'
[0.672s] DEBUG:colcon.colcon_core.package_identification:Package 'src/sentinel_control' with type 'ros.ament_python' and name 'sentinel_control'
[0.672s] Level 1:colcon.colcon_core.package_discovery:discover_packages(recursive) using defaults
[0.672s] Level 1:colcon.colcon_core.package_discovery:discover_packages(ignore) discover
[0.672s] Level 1:colcon.colcon_core.package_discovery:discover_packages(ignore) using defaults
[0.672s] Level 1:colcon.colcon_core.package_discovery:discover_packages(path) discover
[0.673s] Level 1:colcon.colcon_core.package_discovery:discover_packages(path) using defaults
[0.774s] Level 1:colcon.colcon_core.package_discovery:discover_packages(prefix_path) check parameters
[0.775s] Level 1:colcon.colcon_core.package_discovery:discover_packages(prefix_path) discover
[0.798s] DEBUG:colcon.colcon_installed_package_information.package_discovery:Found 87 installed packages in /home/maciej/ros2_ws/install
[0.804s] DEBUG:colcon.colcon_installed_package_information.package_discovery:Found 5 installed packages in /home/maciej/Sim/MecHaRo-Lab_ROSBot2Pro/ws_ros2_husarion/install
[0.809s] DEBUG:colcon.colcon_installed_package_information.package_discovery:Found 452 installed packages in /opt/ros/humble
[0.822s] Level 1:colcon.colcon_core.package_discovery:discover_packages(prefix_path) using defaults
[1.096s] Level 5:colcon.colcon_core.verb:set package 'Sentinel' build argument 'cmake_args' from command line to 'None'
[1.097s] Level 5:colcon.colcon_core.verb:set package 'Sentinel' build argument 'cmake_target' from command line to 'None'
[1.097s] Level 5:colcon.colcon_core.verb:set package 'Sentinel' build argument 'cmake_target_skip_unavailable' from command line to 'False'
[1.097s] Level 5:colcon.colcon_core.verb:set package 'Sentinel' build argument 'cmake_clean_cache' from command line to 'False'
[1.097s] Level 5:colcon.colcon_core.verb:set package 'Sentinel' build argument 'cmake_clean_first' from command line to 'False'
[1.097s] Level 5:colcon.colcon_core.verb:set package 'Sentinel' build argument 'cmake_force_configure' from command line to 'False'
[1.097s] Level 5:colcon.colcon_core.verb:set package 'Sentinel' build argument 'ament_cmake_args' from command line to 'None'
[1.097s] Level 5:colcon.colcon_core.verb:set package 'Sentinel' build argument 'catkin_cmake_args' from command line to 'None'
[1.097s] Level 5:colcon.colcon_core.verb:set package 'Sentinel' build argument 'catkin_skip_building_tests' from command line to 'False'
[1.097s] DEBUG:colcon.colcon_core.verb:Building package 'Sentinel' with the following arguments: {'ament_cmake_args': None, 'build_base': '/home/maciej/Sentinel_ws/build/Sentinel', 'catkin_cmake_args': None, 'catkin_skip_building_tests': False, 'cmake_args': None, 'cmake_clean_cache': False, 'cmake_clean_first': False, 'cmake_force_configure': False, 'cmake_target': None, 'cmake_target_skip_unavailable': False, 'install_base': '/home/maciej/Sentinel_ws/install/Sentinel', 'merge_install': False, 'path': '/home/maciej/Sentinel_ws/src/Sentinel', 'symlink_install': True, 'test_result_base': None}
[1.099s] Level 5:colcon.colcon_core.verb:set package 'sentinel_control' build argument 'cmake_args' from command line to 'None'
[1.099s] Level 5:colcon.colcon_core.verb:set package 'sentinel_control' build argument 'cmake_target' from command line to 'None'
[1.099s] Level 5:colcon.colcon_core.verb:set package 'sentinel_control' build argument 'cmake_target_skip_unavailable' from command line to 'False'
[1.099s] Level 5:colcon.colcon_core.verb:set package 'sentinel_control' build argument 'cmake_clean_cache' from command line to 'False'
[1.099s] Level 5:colcon.colcon_core.verb:set package 'sentinel_control' build argument 'cmake_clean_first' from command line to 'False'
[1.099s] Level 5:colcon.colcon_core.verb:set package 'sentinel_control' build argument 'cmake_force_configure' from command line to 'False'
[1.099s] Level 5:colcon.colcon_core.verb:set package 'sentinel_control' build argument 'ament_cmake_args' from command line to 'None'
[1.100s] Level 5:colcon.colcon_core.verb:set package 'sentinel_control' build argument 'catkin_cmake_args' from command line to 'None'
[1.101s] Level 5:colcon.colcon_core.verb:set package 'sentinel_control' build argument 'catkin_skip_building_tests' from command line to 'False'
[1.102s] DEBUG:colcon.colcon_core.verb:Building package 'sentinel_control' with the following arguments: {'ament_cmake_args': None, 'build_base': '/home/maciej/Sentinel_ws/build/sentinel_control', 'catkin_cmake_args': None, 'catkin_skip_building_tests': False, 'cmake_args': None, 'cmake_clean_cache': False, 'cmake_clean_first': False, 'cmake_force_configure': False, 'cmake_target': None, 'cmake_target_skip_unavailable': False, 'install_base': '/home/maciej/Sentinel_ws/install/sentinel_control', 'merge_install': False, 'path': '/home/maciej/Sentinel_ws/src/sentinel_control', 'symlink_install': True, 'test_result_base': None}
[1.104s] INFO:colcon.colcon_core.executor:Executing jobs using 'parallel' executor
[1.115s] DEBUG:colcon.colcon_parallel_executor.executor.parallel:run_until_complete
[1.118s] INFO:colcon.colcon_ros.task.ament_cmake.build:Building ROS package in '/home/maciej/Sentinel_ws/src/Sentinel' with build type 'ament_cmake'
[1.121s] INFO:colcon.colcon_cmake.task.cmake.build:Building CMake package in '/home/maciej/Sentinel_ws/src/Sentinel'
[1.135s] INFO:colcon.colcon_core.plugin_system:Skipping extension 'colcon_core.shell.bat': Not used on non-Windows systems
[1.136s] INFO:colcon.colcon_core.shell:Skip shell extension 'powershell' for command environment: Not usable outside of PowerShell
[1.137s] DEBUG:colcon.colcon_core.shell:Skip shell extension 'dsv' for command environment
[1.169s] INFO:colcon.colcon_ros.task.ament_python.build:Building ROS package in '/home/maciej/Sentinel_ws/src/sentinel_control' with build type 'ament_python'
[1.170s] Level 1:colcon.colcon_core.shell:create_environment_hook('sentinel_control', 'ament_prefix_path')
[1.176s] INFO:colcon.colcon_core.shell:Creating environment hook '/home/maciej/Sentinel_ws/install/sentinel_control/share/sentinel_control/hook/ament_prefix_path.ps1'
[1.188s] INFO:colcon.colcon_core.shell:Creating environment descriptor '/home/maciej/Sentinel_ws/install/sentinel_control/share/sentinel_control/hook/ament_prefix_path.dsv'
[1.193s] INFO:colcon.colcon_core.shell:Creating environment hook '/home/maciej/Sentinel_ws/install/sentinel_control/share/sentinel_control/hook/ament_prefix_path.sh'
[1.196s] INFO:colcon.colcon_core.shell:Skip shell extension 'powershell' for command environment: Not usable outside of PowerShell
[1.197s] DEBUG:colcon.colcon_core.shell:Skip shell extension 'dsv' for command environment
[1.250s] DEBUG:colcon.colcon_core.event_handler.log_command:Invoking command in '/home/maciej/Sentinel_ws/build/Sentinel': CMAKE_PREFIX_PATH=${CMAKE_PREFIX_PATH}:/home/maciej/ros2_ws/install/webots_ros2:/home/maciej/ros2_ws/install/webots_ros2_universal_robot:/home/maciej/ros2_ws/install/webots_ros2_turtlebot:/home/maciej/ros2_ws/install/webots_ros2_tiago:/home/maciej/ros2_ws/install/webots_ros2_tests:/home/maciej/ros2_ws/install/webots_ros2_tesla:/home/maciej/ros2_ws/install/webots_ros2_mavic:/home/maciej/ros2_ws/install/webots_ros2_epuck:/home/maciej/ros2_ws/install/topic_monitor:/home/maciej/ros2_ws/install/self_balancing_robot:/home/maciej/ros2_ws/install/quality_of_service_demo_py:/home/maciej/ros2_ws/install/nav2_simple_commander:/home/maciej/ros2_ws/install/lifecycle_py:/home/maciej/ros2_ws/install/joy_tester:/home/maciej/ros2_ws/install/demo_nodes_py:/home/maciej/ros2_ws/install/action_tutorials_py:/home/maciej/Sim/MecHaRo-Lab_ROSBot2Pro/ws_ros2_husarion/install/webots_ros2_husarion:/opt/ros/humble /usr/bin/cmake --build /home/maciej/Sentinel_ws/build/Sentinel -- -j8 -l8
[2.329s] INFO:colcon.colcon_core.task.python.build:Building Python package in '/home/maciej/Sentinel_ws/src/sentinel_control'
[2.336s] INFO:colcon.colcon_core.shell:Skip shell extension 'powershell' for command environment: Not usable outside of PowerShell
[2.338s] DEBUG:colcon.colcon_core.shell:Skip shell extension 'dsv' for command environment
[2.395s] DEBUG:colcon.colcon_core.event_handler.log_command:Invoked command in '/home/maciej/Sentinel_ws/build/Sentinel' returned '0': CMAKE_PREFIX_PATH=${CMAKE_PREFIX_PATH}:/home/maciej/ros2_ws/install/webots_ros2:/home/maciej/ros2_ws/install/webots_ros2_universal_robot:/home/maciej/ros2_ws/install/webots_ros2_turtlebot:/home/maciej/ros2_ws/install/webots_ros2_tiago:/home/maciej/ros2_ws/install/webots_ros2_tests:/home/maciej/ros2_ws/install/webots_ros2_tesla:/home/maciej/ros2_ws/install/webots_ros2_mavic:/home/maciej/ros2_ws/install/webots_ros2_epuck:/home/maciej/ros2_ws/install/topic_monitor:/home/maciej/ros2_ws/install/self_balancing_robot:/home/maciej/ros2_ws/install/quality_of_service_demo_py:/home/maciej/ros2_ws/install/nav2_simple_commander:/home/maciej/ros2_ws/install/lifecycle_py:/home/maciej/ros2_ws/install/joy_tester:/home/maciej/ros2_ws/install/demo_nodes_py:/home/maciej/ros2_ws/install/action_tutorials_py:/home/maciej/Sim/MecHaRo-Lab_ROSBot2Pro/ws_ros2_husarion/install/webots_ros2_husarion:/opt/ros/humble /usr/bin/cmake --build /home/maciej/Sentinel_ws/build/Sentinel -- -j8 -l8
[2.471s] DEBUG:colcon.colcon_core.event_handler.log_command:Invoking command in '/home/maciej/Sentinel_ws/build/Sentinel': CMAKE_PREFIX_PATH=${CMAKE_PREFIX_PATH}:/home/maciej/ros2_ws/install/webots_ros2:/home/maciej/ros2_ws/install/webots_ros2_universal_robot:/home/maciej/ros2_ws/install/webots_ros2_turtlebot:/home/maciej/ros2_ws/install/webots_ros2_tiago:/home/maciej/ros2_ws/install/webots_ros2_tests:/home/maciej/ros2_ws/install/webots_ros2_tesla:/home/maciej/ros2_ws/install/webots_ros2_mavic:/home/maciej/ros2_ws/install/webots_ros2_epuck:/home/maciej/ros2_ws/install/topic_monitor:/home/maciej/ros2_ws/install/self_balancing_robot:/home/maciej/ros2_ws/install/quality_of_service_demo_py:/home/maciej/ros2_ws/install/nav2_simple_commander:/home/maciej/ros2_ws/install/lifecycle_py:/home/maciej/ros2_ws/install/joy_tester:/home/maciej/ros2_ws/install/demo_nodes_py:/home/maciej/ros2_ws/install/action_tutorials_py:/home/maciej/Sim/MecHaRo-Lab_ROSBot2Pro/ws_ros2_husarion/install/webots_ros2_husarion:/opt/ros/humble /usr/bin/cmake --install /home/maciej/Sentinel_ws/build/Sentinel
[2.627s] Level 1:colcon.colcon_core.environment:create_environment_scripts_only(Sentinel)
[2.631s] DEBUG:colcon.colcon_core.event_handler.log_command:Invoked command in '/home/maciej/Sentinel_ws/build/Sentinel' returned '0': CMAKE_PREFIX_PATH=${CMAKE_PREFIX_PATH}:/home/maciej/ros2_ws/install/webots_ros2:/home/maciej/ros2_ws/install/webots_ros2_universal_robot:/home/maciej/ros2_ws/install/webots_ros2_turtlebot:/home/maciej/ros2_ws/install/webots_ros2_tiago:/home/maciej/ros2_ws/install/webots_ros2_tests:/home/maciej/ros2_ws/install/webots_ros2_tesla:/home/maciej/ros2_ws/install/webots_ros2_mavic:/home/maciej/ros2_ws/install/webots_ros2_epuck:/home/maciej/ros2_ws/install/topic_monitor:/home/maciej/ros2_ws/install/self_balancing_robot:/home/maciej/ros2_ws/install/quality_of_service_demo_py:/home/maciej/ros2_ws/install/nav2_simple_commander:/home/maciej/ros2_ws/install/lifecycle_py:/home/maciej/ros2_ws/install/joy_tester:/home/maciej/ros2_ws/install/demo_nodes_py:/home/maciej/ros2_ws/install/action_tutorials_py:/home/maciej/Sim/MecHaRo-Lab_ROSBot2Pro/ws_ros2_husarion/install/webots_ros2_husarion:/opt/ros/humble /usr/bin/cmake --install /home/maciej/Sentinel_ws/build/Sentinel
[2.667s] Level 1:colcon.colcon_core.environment:checking '/home/maciej/Sentinel_ws/install/Sentinel' for CMake module files
[2.669s] Level 1:colcon.colcon_core.environment:checking '/home/maciej/Sentinel_ws/install/Sentinel' for CMake config files
[2.669s] Level 1:colcon.colcon_core.shell:create_environment_hook('Sentinel', 'cmake_prefix_path')
[2.670s] INFO:colcon.colcon_core.shell:Creating environment hook '/home/maciej/Sentinel_ws/install/Sentinel/share/Sentinel/hook/cmake_prefix_path.ps1'
[2.673s] INFO:colcon.colcon_core.shell:Creating environment descriptor '/home/maciej/Sentinel_ws/install/Sentinel/share/Sentinel/hook/cmake_prefix_path.dsv'
[2.675s] INFO:colcon.colcon_core.shell:Creating environment hook '/home/maciej/Sentinel_ws/install/Sentinel/share/Sentinel/hook/cmake_prefix_path.sh'
[2.678s] Level 1:colcon.colcon_core.environment:checking '/home/maciej/Sentinel_ws/install/Sentinel/bin'
[2.678s] Level 1:colcon.colcon_core.environment:checking '/home/maciej/Sentinel_ws/install/Sentinel/lib/pkgconfig/Sentinel.pc'
[2.679s] Level 1:colcon.colcon_core.environment:checking '/home/maciej/Sentinel_ws/install/Sentinel/lib/python3.10/site-packages'
[2.680s] Level 1:colcon.colcon_core.environment:checking '/home/maciej/Sentinel_ws/install/Sentinel/bin'
[2.680s] INFO:colcon.colcon_core.shell:Creating package script '/home/maciej/Sentinel_ws/install/Sentinel/share/Sentinel/package.ps1'
[2.685s] INFO:colcon.colcon_core.shell:Creating package descriptor '/home/maciej/Sentinel_ws/install/Sentinel/share/Sentinel/package.dsv'
[2.688s] INFO:colcon.colcon_core.shell:Creating package script '/home/maciej/Sentinel_ws/install/Sentinel/share/Sentinel/package.sh'
[2.691s] INFO:colcon.colcon_core.shell:Creating package script '/home/maciej/Sentinel_ws/install/Sentinel/share/Sentinel/package.bash'
[2.694s] INFO:colcon.colcon_core.shell:Creating package script '/home/maciej/Sentinel_ws/install/Sentinel/share/Sentinel/package.zsh'
[2.699s] Level 1:colcon.colcon_core.environment:create_file_with_runtime_dependencies(/home/maciej/Sentinel_ws/install/Sentinel/share/colcon-core/packages/Sentinel)
[2.702s] Level 1:colcon.colcon_core.environment:create_environment_scripts_only(Sentinel)
[2.703s] Level 1:colcon.colcon_core.environment:checking '/home/maciej/Sentinel_ws/install/Sentinel' for CMake module files
[2.704s] Level 1:colcon.colcon_core.environment:checking '/home/maciej/Sentinel_ws/install/Sentinel' for CMake config files
[2.705s] Level 1:colcon.colcon_core.shell:create_environment_hook('Sentinel', 'cmake_prefix_path')
[2.706s] INFO:colcon.colcon_core.shell:Creating environment hook '/home/maciej/Sentinel_ws/install/Sentinel/share/Sentinel/hook/cmake_prefix_path.ps1'
[2.708s] INFO:colcon.colcon_core.shell:Creating environment descriptor '/home/maciej/Sentinel_ws/install/Sentinel/share/Sentinel/hook/cmake_prefix_path.dsv'
[2.710s] INFO:colcon.colcon_core.shell:Creating environment hook '/home/maciej/Sentinel_ws/install/Sentinel/share/Sentinel/hook/cmake_prefix_path.sh'
[2.714s] Level 1:colcon.colcon_core.environment:checking '/home/maciej/Sentinel_ws/install/Sentinel/bin'
[2.715s] Level 1:colcon.colcon_core.environment:checking '/home/maciej/Sentinel_ws/install/Sentinel/lib/pkgconfig/Sentinel.pc'
[2.716s] Level 1:colcon.colcon_core.environment:checking '/home/maciej/Sentinel_ws/install/Sentinel/lib/python3.10/site-packages'
[2.717s] Level 1:colcon.colcon_core.environment:checking '/home/maciej/Sentinel_ws/install/Sentinel/bin'
[2.718s] INFO:colcon.colcon_core.shell:Creating package script '/home/maciej/Sentinel_ws/install/Sentinel/share/Sentinel/package.ps1'
[2.722s] INFO:colcon.colcon_core.shell:Creating package descriptor '/home/maciej/Sentinel_ws/install/Sentinel/share/Sentinel/package.dsv'
[2.724s] INFO:colcon.colcon_core.shell:Creating package script '/home/maciej/Sentinel_ws/install/Sentinel/share/Sentinel/package.sh'
[2.729s] INFO:colcon.colcon_core.shell:Creating package script '/home/maciej/Sentinel_ws/install/Sentinel/share/Sentinel/package.bash'
[2.733s] INFO:colcon.colcon_core.shell:Creating package script '/home/maciej/Sentinel_ws/install/Sentinel/share/Sentinel/package.zsh'
[2.734s] Level 1:colcon.colcon_core.environment:create_file_with_runtime_dependencies(/home/maciej/Sentinel_ws/install/Sentinel/share/colcon-core/packages/Sentinel)
[5.017s] DEBUG:colcon.colcon_core.event_handler.log_command:Invoking command in '/home/maciej/Sentinel_ws/build/sentinel_control': PYTHONPATH=/home/maciej/Sentinel_ws/build/sentinel_control/prefix_override:/usr/lib/python3/dist-packages/colcon_core/task/python/colcon_distutils_commands:/home/maciej/Sentinel_ws/install/sentinel_control/lib/python3.10/site-packages:${PYTHONPATH} /usr/bin/python3 -W ignore:setup.py install is deprecated -W ignore:easy_install command is deprecated setup.py develop --editable --build-directory /home/maciej/Sentinel_ws/build/sentinel_control/build --no-deps symlink_data
[6.611s] Level 1:colcon.colcon_core.shell:create_environment_hook('sentinel_control', 'pythonpath_develop')
[6.612s] INFO:colcon.colcon_core.shell:Creating environment hook '/home/maciej/Sentinel_ws/build/sentinel_control/share/sentinel_control/hook/pythonpath_develop.ps1'
[6.612s] DEBUG:colcon.colcon_core.event_handler.log_command:Invoked command in '/home/maciej/Sentinel_ws/build/sentinel_control' returned '0': PYTHONPATH=/home/maciej/Sentinel_ws/build/sentinel_control/prefix_override:/usr/lib/python3/dist-packages/colcon_core/task/python/colcon_distutils_commands:/home/maciej/Sentinel_ws/install/sentinel_control/lib/python3.10/site-packages:${PYTHONPATH} /usr/bin/python3 -W ignore:setup.py install is deprecated -W ignore:easy_install command is deprecated setup.py develop --editable --build-directory /home/maciej/Sentinel_ws/build/sentinel_control/build --no-deps symlink_data
[6.613s] INFO:colcon.colcon_core.shell:Creating environment descriptor '/home/maciej/Sentinel_ws/build/sentinel_control/share/sentinel_control/hook/pythonpath_develop.dsv'
[6.614s] INFO:colcon.colcon_core.shell:Creating environment hook '/home/maciej/Sentinel_ws/build/sentinel_control/share/sentinel_control/hook/pythonpath_develop.sh'
[6.616s] Level 1:colcon.colcon_core.environment:checking '/home/maciej/Sentinel_ws/install/sentinel_control' for CMake module files
[6.616s] Level 1:colcon.colcon_core.environment:checking '/home/maciej/Sentinel_ws/install/sentinel_control' for CMake config files
[6.617s] Level 1:colcon.colcon_core.environment:checking '/home/maciej/Sentinel_ws/install/sentinel_control/lib'
[6.618s] Level 1:colcon.colcon_core.environment:checking '/home/maciej/Sentinel_ws/install/sentinel_control/bin'
[6.618s] Level 1:colcon.colcon_core.environment:checking '/home/maciej/Sentinel_ws/install/sentinel_control/lib/pkgconfig/sentinel_control.pc'
[6.618s] Level 1:colcon.colcon_core.environment:checking '/home/maciej/Sentinel_ws/install/sentinel_control/lib/python3.10/site-packages'
[6.618s] Level 1:colcon.colcon_core.shell:create_environment_hook('sentinel_control', 'pythonpath')
[6.619s] INFO:colcon.colcon_core.shell:Creating environment hook '/home/maciej/Sentinel_ws/install/sentinel_control/share/sentinel_control/hook/pythonpath.ps1'
[6.621s] INFO:colcon.colcon_core.shell:Creating environment descriptor '/home/maciej/Sentinel_ws/install/sentinel_control/share/sentinel_control/hook/pythonpath.dsv'
[6.623s] INFO:colcon.colcon_core.shell:Creating environment hook '/home/maciej/Sentinel_ws/install/sentinel_control/share/sentinel_control/hook/pythonpath.sh'
[6.626s] Level 1:colcon.colcon_core.environment:checking '/home/maciej/Sentinel_ws/install/sentinel_control/bin'
[6.626s] Level 1:colcon.colcon_core.environment:create_environment_scripts_only(sentinel_control)
[6.627s] INFO:colcon.colcon_core.shell:Creating package script '/home/maciej/Sentinel_ws/install/sentinel_control/share/sentinel_control/package.ps1'
[6.629s] INFO:colcon.colcon_core.shell:Creating package descriptor '/home/maciej/Sentinel_ws/install/sentinel_control/share/sentinel_control/package.dsv'
[6.632s] INFO:colcon.colcon_core.shell:Creating package script '/home/maciej/Sentinel_ws/install/sentinel_control/share/sentinel_control/package.sh'
[6.633s] INFO:colcon.colcon_core.shell:Creating package script '/home/maciej/Sentinel_ws/install/sentinel_control/share/sentinel_control/package.bash'
[6.634s] INFO:colcon.colcon_core.shell:Creating package script '/home/maciej/Sentinel_ws/install/sentinel_control/share/sentinel_control/package.zsh'
[6.635s] Level 1:colcon.colcon_core.environment:create_file_with_runtime_dependencies(/home/maciej/Sentinel_ws/install/sentinel_control/share/colcon-core/packages/sentinel_control)
[6.636s] DEBUG:colcon.colcon_parallel_executor.executor.parallel:closing loop
[6.637s] DEBUG:colcon.colcon_parallel_executor.executor.parallel:loop closed
[6.637s] DEBUG:colcon.colcon_parallel_executor.executor.parallel:run_until_complete finished with '0'
[6.637s] DEBUG:colcon.colcon_core.event_reactor:joining thread
[6.651s] INFO:colcon.colcon_core.plugin_system:Skipping extension 'colcon_notification.desktop_notification.terminal_notifier': Not used on non-Darwin systems
[6.652s] INFO:colcon.colcon_core.plugin_system:Skipping extension 'colcon_notification.desktop_notification.win32': Not used on non-Windows systems
[6.652s] INFO:colcon.colcon_notification.desktop_notification:Sending desktop notification using 'notify2'
[6.680s] DEBUG:colcon.colcon_core.event_reactor:joined thread
[6.682s] INFO:colcon.colcon_core.shell:Creating prefix script '/home/maciej/Sentinel_ws/install/local_setup.ps1'
[6.684s] INFO:colcon.colcon_core.shell:Creating prefix util module '/home/maciej/Sentinel_ws/install/_local_setup_util_ps1.py'
[6.688s] INFO:colcon.colcon_core.shell:Creating prefix chain script '/home/maciej/Sentinel_ws/install/setup.ps1'
[6.700s] INFO:colcon.colcon_core.shell:Creating prefix script '/home/maciej/Sentinel_ws/install/local_setup.sh'
[6.702s] INFO:colcon.colcon_core.shell:Creating prefix util module '/home/maciej/Sentinel_ws/install/_local_setup_util_sh.py'
[6.704s] INFO:colcon.colcon_core.shell:Creating prefix chain script '/home/maciej/Sentinel_ws/install/setup.sh'
[6.715s] INFO:colcon.colcon_core.shell:Creating prefix script '/home/maciej/Sentinel_ws/install/local_setup.bash'
[6.717s] INFO:colcon.colcon_core.shell:Creating prefix chain script '/home/maciej/Sentinel_ws/install/setup.bash'
[6.726s] INFO:colcon.colcon_core.shell:Creating prefix script '/home/maciej/Sentinel_ws/install/local_setup.zsh'
[6.728s] INFO:colcon.colcon_core.shell:Creating prefix chain script '/home/maciej/Sentinel_ws/install/setup.zsh'
