[4.267s] Invoking command in '/home/maciej/Sentinel_ws/build/sentinel_control': PYTHONPATH=/home/maciej/Sentinel_ws/build/sentinel_control/prefix_override:/usr/lib/python3/dist-packages/colcon_core/task/python/colcon_distutils_commands:/home/maciej/Sentinel_ws/install/sentinel_control/lib/python3.10/site-packages:${PYTHONPATH} /usr/bin/python3 -W ignore:setup.py install is deprecated -W ignore:easy_install command is deprecated setup.py develop --editable --build-directory /home/maciej/Sentinel_ws/build/sentinel_control/build --no-deps symlink_data
[5.140s] running develop
[5.693s] running egg_info
[5.729s] writing sentinel_control.egg-info/PKG-INFO
[5.730s] writing dependency_links to sentinel_control.egg-info/dependency_links.txt
[5.730s] writing entry points to sentinel_control.egg-info/entry_points.txt
[5.731s] writing requirements to sentinel_control.egg-info/requires.txt
[5.731s] writing top-level names to sentinel_control.egg-info/top_level.txt
[5.836s] reading manifest file 'sentinel_control.egg-info/SOURCES.txt'
[5.839s] writing manifest file 'sentinel_control.egg-info/SOURCES.txt'
[5.881s] running build_ext
[5.881s] Creating /home/maciej/Sentinel_ws/install/sentinel_control/lib/python3.10/site-packages/sentinel-control.egg-link (link to .)
[5.882s] Installing map_obstacles script to /home/maciej/Sentinel_ws/install/sentinel_control/lib/sentinel_control
[5.883s] Installing navigate_bt script to /home/maciej/Sentinel_ws/install/sentinel_control/lib/sentinel_control
[5.883s] Installing path_planner script to /home/maciej/Sentinel_ws/install/sentinel_control/lib/sentinel_control
[5.883s] Installing path_planner_single script to /home/maciej/Sentinel_ws/install/sentinel_control/lib/sentinel_control
[5.883s] 
[5.884s] Installed /home/maciej/Sentinel_ws/build/sentinel_control
[5.884s] running symlink_data
[6.014s] Invoked command in '/home/maciej/Sentinel_ws/build/sentinel_control' returned '0': PYTHONPATH=/home/maciej/Sentinel_ws/build/sentinel_control/prefix_override:/usr/lib/python3/dist-packages/colcon_core/task/python/colcon_distutils_commands:/home/maciej/Sentinel_ws/install/sentinel_control/lib/python3.10/site-packages:${PYTHONPATH} /usr/bin/python3 -W ignore:setup.py install is deprecated -W ignore:easy_install command is deprecated setup.py develop --editable --build-directory /home/maciej/Sentinel_ws/build/sentinel_control/build --no-deps symlink_data
