-- Found ament_cmake: 1.3.12 (/home/maciej/ros2_ws/install/ament_cmake/share/ament_cmake/cmake)
-- Override CMake install command with custom implementation using symlinks instead of copying resources
-- Found ament_lint_auto: 0.12.14 (/opt/ros/humble/share/ament_lint_auto/cmake)
WARNING: Package name "Sentinel" does not follow the naming conventions. It should start with a lower case letter and only contain lower case letters, digits, underscores, and dashes.
-- Added test 'copyright' to check source files copyright and LICENSE
-- Added test 'flake8' to check Python code syntax and style conventions
-- Added test 'lint_cmake' to check CMake code style
-- Added test 'pep257' to check Python code against some of the docstring style conventions in PEP 257
-- Added test 'xmllint' to check XML markup files
-- Configuring done
-- Generating done
-- Build files have been written to: /home/maciej/Sentinel_ws/build/Sentinel
-- Install configuration: ""
-- Execute custom install script
-- Up-to-date symlink: /home/maciej/Sentinel_ws/install/Sentinel/share/Sentinel/config/1bot.rviz
-- Up-to-date symlink: /home/maciej/Sentinel_ws/install/Sentinel/share/Sentinel/config/ball_tracker_params_robot.yaml
-- Up-to-date symlink: /home/maciej/Sentinel_ws/install/Sentinel/share/Sentinel/config/ball_tracker_params_sim.yaml
-- Up-to-date symlink: /home/maciej/Sentinel_ws/install/Sentinel/share/Sentinel/config/drive_bot.rviz
-- Up-to-date symlink: /home/maciej/Sentinel_ws/install/Sentinel/share/Sentinel/config/empty.yaml
-- Up-to-date symlink: /home/maciej/Sentinel_ws/install/Sentinel/share/Sentinel/config/joystick.yaml
-- Up-to-date symlink: /home/maciej/Sentinel_ws/install/Sentinel/share/Sentinel/config/main.rviz
-- Up-to-date symlink: /home/maciej/Sentinel_ws/install/Sentinel/share/Sentinel/config/map.rviz
-- Up-to-date symlink: /home/maciej/Sentinel_ws/install/Sentinel/share/Sentinel/config/mapper_params_online_async.yaml
-- Up-to-date symlink: /home/maciej/Sentinel_ws/install/Sentinel/share/Sentinel/config/my_controllers.yaml
-- Up-to-date symlink: /home/maciej/Sentinel_ws/install/Sentinel/share/Sentinel/config/nav2_params.yaml
-- Up-to-date symlink: /home/maciej/Sentinel_ws/install/Sentinel/share/Sentinel/config/slamtoolbox.yaml
-- Up-to-date symlink: /home/maciej/Sentinel_ws/install/Sentinel/share/Sentinel/config/twist_mux.yaml
-- Up-to-date symlink: /home/maciej/Sentinel_ws/install/Sentinel/share/Sentinel/config/view_bot.rviz
-- Up-to-date symlink: /home/maciej/Sentinel_ws/install/Sentinel/share/Sentinel/description/1robot.urdf.xacro
-- Up-to-date symlink: /home/maciej/Sentinel_ws/install/Sentinel/share/Sentinel/description/1robot_core.xacro
-- Up-to-date symlink: /home/maciej/Sentinel_ws/install/Sentinel/share/Sentinel/description/1robot_core_oldversion.xacro
-- Up-to-date symlink: /home/maciej/Sentinel_ws/install/Sentinel/share/Sentinel/description/camera.xacro
-- Up-to-date symlink: /home/maciej/Sentinel_ws/install/Sentinel/share/Sentinel/description/inertial_macros.xacro
-- Up-to-date symlink: /home/maciej/Sentinel_ws/install/Sentinel/share/Sentinel/description/lidar.xacro
-- Up-to-date symlink: /home/maciej/Sentinel_ws/install/Sentinel/share/Sentinel/description/my_ros2_control.xacro
-- Up-to-date symlink: /home/maciej/Sentinel_ws/install/Sentinel/share/Sentinel/description/robot.urdf.xacro
-- Up-to-date symlink: /home/maciej/Sentinel_ws/install/Sentinel/share/Sentinel/description/robot_core copy.OG.xacro
-- Up-to-date symlink: /home/maciej/Sentinel_ws/install/Sentinel/share/Sentinel/description/robot_core.xacro
-- Up-to-date symlink: /home/maciej/Sentinel_ws/install/Sentinel/share/Sentinel/description/robot_core_ver_mm.xacro
-- Up-to-date symlink: /home/maciej/Sentinel_ws/install/Sentinel/share/Sentinel/description/roomba.xacro
-- Up-to-date symlink: /home/maciej/Sentinel_ws/install/Sentinel/share/Sentinel/description/ros2_control.xacro
-- Up-to-date symlink: /home/maciej/Sentinel_ws/install/Sentinel/share/Sentinel/description/ros2_mm_control copy.xacro
-- Up-to-date symlink: /home/maciej/Sentinel_ws/install/Sentinel/share/Sentinel/description/ros2_mm_control.xacro
-- Up-to-date symlink: /home/maciej/Sentinel_ws/install/Sentinel/share/Sentinel/description/wave2_bot.xacro
-- Up-to-date symlink: /home/maciej/Sentinel_ws/install/Sentinel/share/Sentinel/description/wave3_bot.xacro
-- Up-to-date symlink: /home/maciej/Sentinel_ws/install/Sentinel/share/Sentinel/description/wave_bot.urdf.xacro
-- Up-to-date symlink: /home/maciej/Sentinel_ws/install/Sentinel/share/Sentinel/description/wave_bot.xacro
-- Up-to-date symlink: /home/maciej/Sentinel_ws/install/Sentinel/share/Sentinel/launch/1launch.launch.py
-- Up-to-date symlink: /home/maciej/Sentinel_ws/install/Sentinel/share/Sentinel/launch/Autonomous_mappning_launch.py
-- Up-to-date symlink: /home/maciej/Sentinel_ws/install/Sentinel/share/Sentinel/launch/ball_tracker.launch.py
-- Up-to-date symlink: /home/maciej/Sentinel_ws/install/Sentinel/share/Sentinel/launch/camera.launch.py
-- Up-to-date symlink: /home/maciej/Sentinel_ws/install/Sentinel/share/Sentinel/launch/joystick.launch.py
-- Up-to-date symlink: /home/maciej/Sentinel_ws/install/Sentinel/share/Sentinel/launch/launch_robot.launch copy.py
-- Up-to-date symlink: /home/maciej/Sentinel_ws/install/Sentinel/share/Sentinel/launch/launch_robot.launch.py
-- Up-to-date symlink: /home/maciej/Sentinel_ws/install/Sentinel/share/Sentinel/launch/localization_launch.py
-- Up-to-date symlink: /home/maciej/Sentinel_ws/install/Sentinel/share/Sentinel/launch/navigation_launch.py
-- Up-to-date symlink: /home/maciej/Sentinel_ws/install/Sentinel/share/Sentinel/launch/online_async_launch.py
-- Up-to-date symlink: /home/maciej/Sentinel_ws/install/Sentinel/share/Sentinel/launch/rplidar.launch.py
-- Up-to-date symlink: /home/maciej/Sentinel_ws/install/Sentinel/share/Sentinel/launch/rsp.launch.py
-- Up-to-date symlink: /home/maciej/Sentinel_ws/install/Sentinel/share/Sentinel/launch/wave_bot.launch.py
-- Symlinking: /home/maciej/Sentinel_ws/install/Sentinel/share/ament_index/resource_index/package_run_dependencies/Sentinel
-- Symlinking: /home/maciej/Sentinel_ws/install/Sentinel/share/ament_index/resource_index/parent_prefix_path/Sentinel
-- Symlinking: /home/maciej/Sentinel_ws/install/Sentinel/share/Sentinel/environment/ament_prefix_path.sh
-- Symlinking: /home/maciej/Sentinel_ws/install/Sentinel/share/Sentinel/environment/ament_prefix_path.dsv
-- Symlinking: /home/maciej/Sentinel_ws/install/Sentinel/share/Sentinel/environment/path.sh
-- Symlinking: /home/maciej/Sentinel_ws/install/Sentinel/share/Sentinel/environment/path.dsv
-- Symlinking: /home/maciej/Sentinel_ws/install/Sentinel/share/Sentinel/local_setup.bash
-- Symlinking: /home/maciej/Sentinel_ws/install/Sentinel/share/Sentinel/local_setup.sh
-- Symlinking: /home/maciej/Sentinel_ws/install/Sentinel/share/Sentinel/local_setup.zsh
-- Symlinking: /home/maciej/Sentinel_ws/install/Sentinel/share/Sentinel/local_setup.dsv
-- Symlinking: /home/maciej/Sentinel_ws/install/Sentinel/share/Sentinel/package.dsv
-- Symlinking: /home/maciej/Sentinel_ws/install/Sentinel/share/ament_index/resource_index/packages/Sentinel
-- Symlinking: /home/maciej/Sentinel_ws/install/Sentinel/share/Sentinel/cmake/SentinelConfig.cmake
-- Symlinking: /home/maciej/Sentinel_ws/install/Sentinel/share/Sentinel/cmake/SentinelConfig-version.cmake
-- Symlinking: /home/maciej/Sentinel_ws/install/Sentinel/share/Sentinel/package.xml
