[0.146s] DEBUG:colcon:Command line arguments: ['/usr/bin/colcon', 'build', '--symlink-install']
[0.146s] DEBUG:colcon:Parsed command line arguments: Namespace(log_base=None, log_level=None, verb_name='build', build_base='build', install_base='install', merge_install=False, symlink_install=True, test_result_base=None, continue_on_error=False, executor='parallel', parallel_workers=8, event_handlers=None, ignore_user_meta=False, metas=['./colcon.meta'], base_paths=['.'], packages_ignore=None, packages_ignore_regex=None, paths=None, packages_up_to=None, packages_up_to_regex=None, packages_above=None, packages_above_and_dependencies=None, packages_above_depth=None, packages_select_by_dep=None, packages_skip_by_dep=None, packages_skip_up_to=None, packages_select_build_failed=False, packages_skip_build_finished=False, packages_select_test_failures=False, packages_skip_test_passed=False, packages_select=None, packages_skip=None, packages_select_regex=None, packages_skip_regex=None, packages_start=None, packages_end=None, allow_overriding=[], cmake_args=None, cmake_target=None, cmake_target_skip_unavailable=False, cmake_clean_cache=False, cmake_clean_first=False, cmake_force_configure=False, ament_cmake_args=None, catkin_cmake_args=None, catkin_skip_building_tests=False, verb_parser=<colcon_defaults.argument_parser.defaults.DefaultArgumentsDecorator object at 0x7c8b0e4b2500>, verb_extension=<colcon_core.verb.build.BuildVerb object at 0x7c8b0e468190>, main=<bound method BuildVerb.main of <colcon_core.verb.build.BuildVerb object at 0x7c8b0e468190>>)
[0.193s] Level 1:colcon.colcon_core.package_discovery:discover_packages(colcon_meta) check parameters
[0.193s] Level 1:colcon.colcon_core.package_discovery:discover_packages(recursive) check parameters
[0.193s] Level 1:colcon.colcon_core.package_discovery:discover_packages(ignore) check parameters
[0.193s] Level 1:colcon.colcon_core.package_discovery:discover_packages(path) check parameters
[0.193s] Level 1:colcon.colcon_core.package_discovery:discover_packages(colcon_meta) discover
[0.193s] Level 1:colcon.colcon_core.package_discovery:discover_packages(recursive) discover
[0.194s] INFO:colcon.colcon_core.package_discovery:Crawling recursively for packages in '/home/maciej/Sentinel_ws'
[0.194s] Level 1:colcon.colcon_core.package_identification:_identify(.) by extensions ['ignore', 'ignore_ament_install']
[0.194s] Level 1:colcon.colcon_core.package_identification:_identify(.) by extension 'ignore'
[0.194s] Level 1:colcon.colcon_core.package_identification:_identify(.) by extension 'ignore_ament_install'
[0.194s] Level 1:colcon.colcon_core.package_identification:_identify(.) by extensions ['colcon_pkg']
[0.194s] Level 1:colcon.colcon_core.package_identification:_identify(.) by extension 'colcon_pkg'
[0.194s] Level 1:colcon.colcon_core.package_identification:_identify(.) by extensions ['colcon_meta']
[0.194s] Level 1:colcon.colcon_core.package_identification:_identify(.) by extension 'colcon_meta'
[0.194s] Level 1:colcon.colcon_core.package_identification:_identify(.) by extensions ['ros']
[0.194s] Level 1:colcon.colcon_core.package_identification:_identify(.) by extension 'ros'
[0.214s] Level 1:colcon.colcon_core.package_identification:_identify(.) by extensions ['cmake', 'python']
[0.214s] Level 1:colcon.colcon_core.package_identification:_identify(.) by extension 'cmake'
[0.214s] Level 1:colcon.colcon_core.package_identification:_identify(.) by extension 'python'
[0.214s] Level 1:colcon.colcon_core.package_identification:_identify(.) by extensions ['python_setup_py']
[0.214s] Level 1:colcon.colcon_core.package_identification:_identify(.) by extension 'python_setup_py'
[0.214s] Level 1:colcon.colcon_core.package_identification:_identify(build) by extensions ['ignore', 'ignore_ament_install']
[0.215s] Level 1:colcon.colcon_core.package_identification:_identify(build) by extension 'ignore'
[0.215s] Level 1:colcon.colcon_core.package_identification:_identify(build) ignored
[0.215s] Level 1:colcon.colcon_core.package_identification:_identify(install) by extensions ['ignore', 'ignore_ament_install']
[0.215s] Level 1:colcon.colcon_core.package_identification:_identify(install) by extension 'ignore'
[0.215s] Level 1:colcon.colcon_core.package_identification:_identify(install) ignored
[0.215s] Level 1:colcon.colcon_core.package_identification:_identify(log) by extensions ['ignore', 'ignore_ament_install']
[0.215s] Level 1:colcon.colcon_core.package_identification:_identify(log) by extension 'ignore'
[0.215s] Level 1:colcon.colcon_core.package_identification:_identify(log) ignored
[0.215s] Level 1:colcon.colcon_core.package_identification:_identify(src) by extensions ['ignore', 'ignore_ament_install']
[0.215s] Level 1:colcon.colcon_core.package_identification:_identify(src) by extension 'ignore'
[0.215s] Level 1:colcon.colcon_core.package_identification:_identify(src) by extension 'ignore_ament_install'
[0.215s] Level 1:colcon.colcon_core.package_identification:_identify(src) by extensions ['colcon_pkg']
[0.215s] Level 1:colcon.colcon_core.package_identification:_identify(src) by extension 'colcon_pkg'
[0.216s] Level 1:colcon.colcon_core.package_identification:_identify(src) by extensions ['colcon_meta']
[0.216s] Level 1:colcon.colcon_core.package_identification:_identify(src) by extension 'colcon_meta'
[0.216s] Level 1:colcon.colcon_core.package_identification:_identify(src) by extensions ['ros']
[0.216s] Level 1:colcon.colcon_core.package_identification:_identify(src) by extension 'ros'
[0.216s] Level 1:colcon.colcon_core.package_identification:_identify(src) by extensions ['cmake', 'python']
[0.216s] Level 1:colcon.colcon_core.package_identification:_identify(src) by extension 'cmake'
[0.216s] Level 1:colcon.colcon_core.package_identification:_identify(src) by extension 'python'
[0.216s] Level 1:colcon.colcon_core.package_identification:_identify(src) by extensions ['python_setup_py']
[0.216s] Level 1:colcon.colcon_core.package_identification:_identify(src) by extension 'python_setup_py'
[0.216s] Level 1:colcon.colcon_core.package_identification:_identify(src/Sentinel) by extensions ['ignore', 'ignore_ament_install']
[0.216s] Level 1:colcon.colcon_core.package_identification:_identify(src/Sentinel) by extension 'ignore'
[0.216s] Level 1:colcon.colcon_core.package_identification:_identify(src/Sentinel) by extension 'ignore_ament_install'
[0.216s] Level 1:colcon.colcon_core.package_identification:_identify(src/Sentinel) by extensions ['colcon_pkg']
[0.216s] Level 1:colcon.colcon_core.package_identification:_identify(src/Sentinel) by extension 'colcon_pkg'
[0.216s] Level 1:colcon.colcon_core.package_identification:_identify(src/Sentinel) by extensions ['colcon_meta']
[0.216s] Level 1:colcon.colcon_core.package_identification:_identify(src/Sentinel) by extension 'colcon_meta'
[0.216s] Level 1:colcon.colcon_core.package_identification:_identify(src/Sentinel) by extensions ['ros']
[0.216s] Level 1:colcon.colcon_core.package_identification:_identify(src/Sentinel) by extension 'ros'
[0.219s] DEBUG:colcon.colcon_core.package_identification:Package 'src/Sentinel' with type 'ros.ament_cmake' and name 'Sentinel'
[0.219s] Level 1:colcon.colcon_core.package_identification:_identify(src/sentinel_control) by extensions ['ignore', 'ignore_ament_install']
[0.220s] Level 1:colcon.colcon_core.package_identification:_identify(src/sentinel_control) by extension 'ignore'
[0.220s] Level 1:colcon.colcon_core.package_identification:_identify(src/sentinel_control) by extension 'ignore_ament_install'
[0.220s] Level 1:colcon.colcon_core.package_identification:_identify(src/sentinel_control) by extensions ['colcon_pkg']
[0.220s] Level 1:colcon.colcon_core.package_identification:_identify(src/sentinel_control) by extension 'colcon_pkg'
[0.220s] Level 1:colcon.colcon_core.package_identification:_identify(src/sentinel_control) by extensions ['colcon_meta']
[0.220s] Level 1:colcon.colcon_core.package_identification:_identify(src/sentinel_control) by extension 'colcon_meta'
[0.220s] Level 1:colcon.colcon_core.package_identification:_identify(src/sentinel_control) by extensions ['ros']
[0.220s] Level 1:colcon.colcon_core.package_identification:_identify(src/sentinel_control) by extension 'ros'
[0.221s] DEBUG:colcon.colcon_core.package_identification:Package 'src/sentinel_control' with type 'ros.ament_python' and name 'sentinel_control'
[0.221s] Level 1:colcon.colcon_core.package_discovery:discover_packages(recursive) using defaults
[0.221s] Level 1:colcon.colcon_core.package_discovery:discover_packages(ignore) discover
[0.221s] Level 1:colcon.colcon_core.package_discovery:discover_packages(ignore) using defaults
[0.221s] Level 1:colcon.colcon_core.package_discovery:discover_packages(path) discover
[0.221s] Level 1:colcon.colcon_core.package_discovery:discover_packages(path) using defaults
[0.251s] Level 1:colcon.colcon_core.package_discovery:discover_packages(prefix_path) check parameters
[0.251s] Level 1:colcon.colcon_core.package_discovery:discover_packages(prefix_path) discover
[0.259s] DEBUG:colcon.colcon_installed_package_information.package_discovery:Found 87 installed packages in /home/maciej/ros2_ws/install
[0.260s] DEBUG:colcon.colcon_installed_package_information.package_discovery:Found 5 installed packages in /home/maciej/Sim/MecHaRo-Lab_ROSBot2Pro/ws_ros2_husarion/install
[0.263s] DEBUG:colcon.colcon_installed_package_information.package_discovery:Found 452 installed packages in /opt/ros/humble
[0.268s] Level 1:colcon.colcon_core.package_discovery:discover_packages(prefix_path) using defaults
[0.357s] Level 5:colcon.colcon_core.verb:set package 'Sentinel' build argument 'cmake_args' from command line to 'None'
[0.357s] Level 5:colcon.colcon_core.verb:set package 'Sentinel' build argument 'cmake_target' from command line to 'None'
[0.357s] Level 5:colcon.colcon_core.verb:set package 'Sentinel' build argument 'cmake_target_skip_unavailable' from command line to 'False'
[0.357s] Level 5:colcon.colcon_core.verb:set package 'Sentinel' build argument 'cmake_clean_cache' from command line to 'False'
[0.357s] Level 5:colcon.colcon_core.verb:set package 'Sentinel' build argument 'cmake_clean_first' from command line to 'False'
[0.357s] Level 5:colcon.colcon_core.verb:set package 'Sentinel' build argument 'cmake_force_configure' from command line to 'False'
[0.358s] Level 5:colcon.colcon_core.verb:set package 'Sentinel' build argument 'ament_cmake_args' from command line to 'None'
[0.358s] Level 5:colcon.colcon_core.verb:set package 'Sentinel' build argument 'catkin_cmake_args' from command line to 'None'
[0.358s] Level 5:colcon.colcon_core.verb:set package 'Sentinel' build argument 'catkin_skip_building_tests' from command line to 'False'
[0.358s] DEBUG:colcon.colcon_core.verb:Building package 'Sentinel' with the following arguments: {'ament_cmake_args': None, 'build_base': '/home/maciej/Sentinel_ws/build/Sentinel', 'catkin_cmake_args': None, 'catkin_skip_building_tests': False, 'cmake_args': None, 'cmake_clean_cache': False, 'cmake_clean_first': False, 'cmake_force_configure': False, 'cmake_target': None, 'cmake_target_skip_unavailable': False, 'install_base': '/home/maciej/Sentinel_ws/install/Sentinel', 'merge_install': False, 'path': '/home/maciej/Sentinel_ws/src/Sentinel', 'symlink_install': True, 'test_result_base': None}
[0.358s] Level 5:colcon.colcon_core.verb:set package 'sentinel_control' build argument 'cmake_args' from command line to 'None'
[0.358s] Level 5:colcon.colcon_core.verb:set package 'sentinel_control' build argument 'cmake_target' from command line to 'None'
[0.358s] Level 5:colcon.colcon_core.verb:set package 'sentinel_control' build argument 'cmake_target_skip_unavailable' from command line to 'False'
[0.358s] Level 5:colcon.colcon_core.verb:set package 'sentinel_control' build argument 'cmake_clean_cache' from command line to 'False'
[0.358s] Level 5:colcon.colcon_core.verb:set package 'sentinel_control' build argument 'cmake_clean_first' from command line to 'False'
[0.358s] Level 5:colcon.colcon_core.verb:set package 'sentinel_control' build argument 'cmake_force_configure' from command line to 'False'
[0.358s] Level 5:colcon.colcon_core.verb:set package 'sentinel_control' build argument 'ament_cmake_args' from command line to 'None'
[0.358s] Level 5:colcon.colcon_core.verb:set package 'sentinel_control' build argument 'catkin_cmake_args' from command line to 'None'
[0.358s] Level 5:colcon.colcon_core.verb:set package 'sentinel_control' build argument 'catkin_skip_building_tests' from command line to 'False'
[0.358s] DEBUG:colcon.colcon_core.verb:Building package 'sentinel_control' with the following arguments: {'ament_cmake_args': None, 'build_base': '/home/maciej/Sentinel_ws/build/sentinel_control', 'catkin_cmake_args': None, 'catkin_skip_building_tests': False, 'cmake_args': None, 'cmake_clean_cache': False, 'cmake_clean_first': False, 'cmake_force_configure': False, 'cmake_target': None, 'cmake_target_skip_unavailable': False, 'install_base': '/home/maciej/Sentinel_ws/install/sentinel_control', 'merge_install': False, 'path': '/home/maciej/Sentinel_ws/src/sentinel_control', 'symlink_install': True, 'test_result_base': None}
[0.358s] INFO:colcon.colcon_core.executor:Executing jobs using 'parallel' executor
[0.360s] DEBUG:colcon.colcon_parallel_executor.executor.parallel:run_until_complete
[0.360s] INFO:colcon.colcon_ros.task.ament_cmake.build:Building ROS package in '/home/maciej/Sentinel_ws/src/Sentinel' with build type 'ament_cmake'
[0.360s] INFO:colcon.colcon_cmake.task.cmake.build:Building CMake package in '/home/maciej/Sentinel_ws/src/Sentinel'
[0.363s] INFO:colcon.colcon_core.plugin_system:Skipping extension 'colcon_core.shell.bat': Not used on non-Windows systems
[0.364s] INFO:colcon.colcon_core.shell:Skip shell extension 'powershell' for command environment: Not usable outside of PowerShell
[0.364s] DEBUG:colcon.colcon_core.shell:Skip shell extension 'dsv' for command environment
[0.375s] INFO:colcon.colcon_ros.task.ament_python.build:Building ROS package in '/home/maciej/Sentinel_ws/src/sentinel_control' with build type 'ament_python'
[0.376s] Level 1:colcon.colcon_core.shell:create_environment_hook('sentinel_control', 'ament_prefix_path')
[0.376s] INFO:colcon.colcon_core.shell:Creating environment hook '/home/maciej/Sentinel_ws/install/sentinel_control/share/sentinel_control/hook/ament_prefix_path.ps1'
[0.377s] INFO:colcon.colcon_core.shell:Creating environment descriptor '/home/maciej/Sentinel_ws/install/sentinel_control/share/sentinel_control/hook/ament_prefix_path.dsv'
[0.378s] INFO:colcon.colcon_core.shell:Creating environment hook '/home/maciej/Sentinel_ws/install/sentinel_control/share/sentinel_control/hook/ament_prefix_path.sh'
[0.379s] INFO:colcon.colcon_core.shell:Skip shell extension 'powershell' for command environment: Not usable outside of PowerShell
[0.379s] DEBUG:colcon.colcon_core.shell:Skip shell extension 'dsv' for command environment
[0.398s] DEBUG:colcon.colcon_core.event_handler.log_command:Invoking command in '/home/maciej/Sentinel_ws/build/Sentinel': CMAKE_PREFIX_PATH=${CMAKE_PREFIX_PATH}:/home/maciej/ros2_ws/install/webots_ros2:/home/maciej/ros2_ws/install/webots_ros2_universal_robot:/home/maciej/ros2_ws/install/webots_ros2_turtlebot:/home/maciej/ros2_ws/install/webots_ros2_tiago:/home/maciej/ros2_ws/install/webots_ros2_tests:/home/maciej/ros2_ws/install/webots_ros2_tesla:/home/maciej/ros2_ws/install/webots_ros2_mavic:/home/maciej/ros2_ws/install/webots_ros2_epuck:/home/maciej/ros2_ws/install/topic_monitor:/home/maciej/ros2_ws/install/self_balancing_robot:/home/maciej/ros2_ws/install/quality_of_service_demo_py:/home/maciej/ros2_ws/install/nav2_simple_commander:/home/maciej/ros2_ws/install/lifecycle_py:/home/maciej/ros2_ws/install/joy_tester:/home/maciej/ros2_ws/install/demo_nodes_py:/home/maciej/ros2_ws/install/action_tutorials_py:/home/maciej/Sim/MecHaRo-Lab_ROSBot2Pro/ws_ros2_husarion/install/webots_ros2_husarion:/opt/ros/humble /usr/bin/cmake --build /home/maciej/Sentinel_ws/build/Sentinel -- -j8 -l8
[0.745s] INFO:colcon.colcon_core.task.python.build:Building Python package in '/home/maciej/Sentinel_ws/src/sentinel_control'
[0.746s] INFO:colcon.colcon_core.shell:Skip shell extension 'powershell' for command environment: Not usable outside of PowerShell
[0.746s] DEBUG:colcon.colcon_core.shell:Skip shell extension 'dsv' for command environment
[0.923s] DEBUG:colcon.colcon_core.event_handler.log_command:Invoked command in '/home/maciej/Sentinel_ws/build/Sentinel' returned '0': CMAKE_PREFIX_PATH=${CMAKE_PREFIX_PATH}:/home/maciej/ros2_ws/install/webots_ros2:/home/maciej/ros2_ws/install/webots_ros2_universal_robot:/home/maciej/ros2_ws/install/webots_ros2_turtlebot:/home/maciej/ros2_ws/install/webots_ros2_tiago:/home/maciej/ros2_ws/install/webots_ros2_tests:/home/maciej/ros2_ws/install/webots_ros2_tesla:/home/maciej/ros2_ws/install/webots_ros2_mavic:/home/maciej/ros2_ws/install/webots_ros2_epuck:/home/maciej/ros2_ws/install/topic_monitor:/home/maciej/ros2_ws/install/self_balancing_robot:/home/maciej/ros2_ws/install/quality_of_service_demo_py:/home/maciej/ros2_ws/install/nav2_simple_commander:/home/maciej/ros2_ws/install/lifecycle_py:/home/maciej/ros2_ws/install/joy_tester:/home/maciej/ros2_ws/install/demo_nodes_py:/home/maciej/ros2_ws/install/action_tutorials_py:/home/maciej/Sim/MecHaRo-Lab_ROSBot2Pro/ws_ros2_husarion/install/webots_ros2_husarion:/opt/ros/humble /usr/bin/cmake --build /home/maciej/Sentinel_ws/build/Sentinel -- -j8 -l8
[0.943s] DEBUG:colcon.colcon_core.event_handler.log_command:Invoking command in '/home/maciej/Sentinel_ws/build/Sentinel': CMAKE_PREFIX_PATH=${CMAKE_PREFIX_PATH}:/home/maciej/ros2_ws/install/webots_ros2:/home/maciej/ros2_ws/install/webots_ros2_universal_robot:/home/maciej/ros2_ws/install/webots_ros2_turtlebot:/home/maciej/ros2_ws/install/webots_ros2_tiago:/home/maciej/ros2_ws/install/webots_ros2_tests:/home/maciej/ros2_ws/install/webots_ros2_tesla:/home/maciej/ros2_ws/install/webots_ros2_mavic:/home/maciej/ros2_ws/install/webots_ros2_epuck:/home/maciej/ros2_ws/install/topic_monitor:/home/maciej/ros2_ws/install/self_balancing_robot:/home/maciej/ros2_ws/install/quality_of_service_demo_py:/home/maciej/ros2_ws/install/nav2_simple_commander:/home/maciej/ros2_ws/install/lifecycle_py:/home/maciej/ros2_ws/install/joy_tester:/home/maciej/ros2_ws/install/demo_nodes_py:/home/maciej/ros2_ws/install/action_tutorials_py:/home/maciej/Sim/MecHaRo-Lab_ROSBot2Pro/ws_ros2_husarion/install/webots_ros2_husarion:/opt/ros/humble /usr/bin/cmake --install /home/maciej/Sentinel_ws/build/Sentinel
[1.254s] Level 1:colcon.colcon_core.environment:create_environment_scripts_only(Sentinel)
[1.255s] DEBUG:colcon.colcon_core.event_handler.log_command:Invoked command in '/home/maciej/Sentinel_ws/build/Sentinel' returned '0': CMAKE_PREFIX_PATH=${CMAKE_PREFIX_PATH}:/home/maciej/ros2_ws/install/webots_ros2:/home/maciej/ros2_ws/install/webots_ros2_universal_robot:/home/maciej/ros2_ws/install/webots_ros2_turtlebot:/home/maciej/ros2_ws/install/webots_ros2_tiago:/home/maciej/ros2_ws/install/webots_ros2_tests:/home/maciej/ros2_ws/install/webots_ros2_tesla:/home/maciej/ros2_ws/install/webots_ros2_mavic:/home/maciej/ros2_ws/install/webots_ros2_epuck:/home/maciej/ros2_ws/install/topic_monitor:/home/maciej/ros2_ws/install/self_balancing_robot:/home/maciej/ros2_ws/install/quality_of_service_demo_py:/home/maciej/ros2_ws/install/nav2_simple_commander:/home/maciej/ros2_ws/install/lifecycle_py:/home/maciej/ros2_ws/install/joy_tester:/home/maciej/ros2_ws/install/demo_nodes_py:/home/maciej/ros2_ws/install/action_tutorials_py:/home/maciej/Sim/MecHaRo-Lab_ROSBot2Pro/ws_ros2_husarion/install/webots_ros2_husarion:/opt/ros/humble /usr/bin/cmake --install /home/maciej/Sentinel_ws/build/Sentinel
[1.259s] Level 1:colcon.colcon_core.environment:checking '/home/maciej/Sentinel_ws/install/Sentinel' for CMake module files
[1.259s] Level 1:colcon.colcon_core.environment:checking '/home/maciej/Sentinel_ws/install/Sentinel' for CMake config files
[1.259s] Level 1:colcon.colcon_core.shell:create_environment_hook('Sentinel', 'cmake_prefix_path')
[1.260s] INFO:colcon.colcon_core.shell:Creating environment hook '/home/maciej/Sentinel_ws/install/Sentinel/share/Sentinel/hook/cmake_prefix_path.ps1'
[1.260s] INFO:colcon.colcon_core.shell:Creating environment descriptor '/home/maciej/Sentinel_ws/install/Sentinel/share/Sentinel/hook/cmake_prefix_path.dsv'
[1.261s] INFO:colcon.colcon_core.shell:Creating environment hook '/home/maciej/Sentinel_ws/install/Sentinel/share/Sentinel/hook/cmake_prefix_path.sh'
[1.261s] Level 1:colcon.colcon_core.environment:checking '/home/maciej/Sentinel_ws/install/Sentinel/bin'
[1.262s] Level 1:colcon.colcon_core.environment:checking '/home/maciej/Sentinel_ws/install/Sentinel/lib/pkgconfig/Sentinel.pc'
[1.262s] Level 1:colcon.colcon_core.environment:checking '/home/maciej/Sentinel_ws/install/Sentinel/lib/python3.10/site-packages'
[1.262s] Level 1:colcon.colcon_core.environment:checking '/home/maciej/Sentinel_ws/install/Sentinel/bin'
[1.262s] INFO:colcon.colcon_core.shell:Creating package script '/home/maciej/Sentinel_ws/install/Sentinel/share/Sentinel/package.ps1'
[1.263s] INFO:colcon.colcon_core.shell:Creating package descriptor '/home/maciej/Sentinel_ws/install/Sentinel/share/Sentinel/package.dsv'
[1.264s] INFO:colcon.colcon_core.shell:Creating package script '/home/maciej/Sentinel_ws/install/Sentinel/share/Sentinel/package.sh'
[1.265s] INFO:colcon.colcon_core.shell:Creating package script '/home/maciej/Sentinel_ws/install/Sentinel/share/Sentinel/package.bash'
[1.266s] INFO:colcon.colcon_core.shell:Creating package script '/home/maciej/Sentinel_ws/install/Sentinel/share/Sentinel/package.zsh'
[1.267s] Level 1:colcon.colcon_core.environment:create_file_with_runtime_dependencies(/home/maciej/Sentinel_ws/install/Sentinel/share/colcon-core/packages/Sentinel)
[1.267s] Level 1:colcon.colcon_core.environment:create_environment_scripts_only(Sentinel)
[1.268s] Level 1:colcon.colcon_core.environment:checking '/home/maciej/Sentinel_ws/install/Sentinel' for CMake module files
[1.268s] Level 1:colcon.colcon_core.environment:checking '/home/maciej/Sentinel_ws/install/Sentinel' for CMake config files
[1.268s] Level 1:colcon.colcon_core.shell:create_environment_hook('Sentinel', 'cmake_prefix_path')
[1.269s] INFO:colcon.colcon_core.shell:Creating environment hook '/home/maciej/Sentinel_ws/install/Sentinel/share/Sentinel/hook/cmake_prefix_path.ps1'
[1.269s] INFO:colcon.colcon_core.shell:Creating environment descriptor '/home/maciej/Sentinel_ws/install/Sentinel/share/Sentinel/hook/cmake_prefix_path.dsv'
[1.270s] INFO:colcon.colcon_core.shell:Creating environment hook '/home/maciej/Sentinel_ws/install/Sentinel/share/Sentinel/hook/cmake_prefix_path.sh'
[1.270s] Level 1:colcon.colcon_core.environment:checking '/home/maciej/Sentinel_ws/install/Sentinel/bin'
[1.270s] Level 1:colcon.colcon_core.environment:checking '/home/maciej/Sentinel_ws/install/Sentinel/lib/pkgconfig/Sentinel.pc'
[1.271s] Level 1:colcon.colcon_core.environment:checking '/home/maciej/Sentinel_ws/install/Sentinel/lib/python3.10/site-packages'
[1.271s] Level 1:colcon.colcon_core.environment:checking '/home/maciej/Sentinel_ws/install/Sentinel/bin'
[1.271s] INFO:colcon.colcon_core.shell:Creating package script '/home/maciej/Sentinel_ws/install/Sentinel/share/Sentinel/package.ps1'
[1.272s] INFO:colcon.colcon_core.shell:Creating package descriptor '/home/maciej/Sentinel_ws/install/Sentinel/share/Sentinel/package.dsv'
[1.272s] INFO:colcon.colcon_core.shell:Creating package script '/home/maciej/Sentinel_ws/install/Sentinel/share/Sentinel/package.sh'
[1.273s] INFO:colcon.colcon_core.shell:Creating package script '/home/maciej/Sentinel_ws/install/Sentinel/share/Sentinel/package.bash'
[1.273s] INFO:colcon.colcon_core.shell:Creating package script '/home/maciej/Sentinel_ws/install/Sentinel/share/Sentinel/package.zsh'
[1.274s] Level 1:colcon.colcon_core.environment:create_file_with_runtime_dependencies(/home/maciej/Sentinel_ws/install/Sentinel/share/colcon-core/packages/Sentinel)
[1.701s] DEBUG:colcon.colcon_core.event_handler.log_command:Invoking command in '/home/maciej/Sentinel_ws/build/sentinel_control': PYTHONPATH=/home/maciej/Sentinel_ws/build/sentinel_control/prefix_override:/usr/lib/python3/dist-packages/colcon_core/task/python/colcon_distutils_commands:/home/maciej/Sentinel_ws/install/sentinel_control/lib/python3.10/site-packages:${PYTHONPATH} /usr/bin/python3 -W ignore:setup.py install is deprecated -W ignore:easy_install command is deprecated setup.py develop --editable --build-directory /home/maciej/Sentinel_ws/build/sentinel_control/build --no-deps symlink_data
[2.727s] Level 1:colcon.colcon_core.shell:create_environment_hook('sentinel_control', 'pythonpath_develop')
[2.728s] INFO:colcon.colcon_core.shell:Creating environment hook '/home/maciej/Sentinel_ws/build/sentinel_control/share/sentinel_control/hook/pythonpath_develop.ps1'
[2.729s] DEBUG:colcon.colcon_core.event_handler.log_command:Invoked command in '/home/maciej/Sentinel_ws/build/sentinel_control' returned '0': PYTHONPATH=/home/maciej/Sentinel_ws/build/sentinel_control/prefix_override:/usr/lib/python3/dist-packages/colcon_core/task/python/colcon_distutils_commands:/home/maciej/Sentinel_ws/install/sentinel_control/lib/python3.10/site-packages:${PYTHONPATH} /usr/bin/python3 -W ignore:setup.py install is deprecated -W ignore:easy_install command is deprecated setup.py develop --editable --build-directory /home/maciej/Sentinel_ws/build/sentinel_control/build --no-deps symlink_data
[2.730s] INFO:colcon.colcon_core.shell:Creating environment descriptor '/home/maciej/Sentinel_ws/build/sentinel_control/share/sentinel_control/hook/pythonpath_develop.dsv'
[2.731s] INFO:colcon.colcon_core.shell:Creating environment hook '/home/maciej/Sentinel_ws/build/sentinel_control/share/sentinel_control/hook/pythonpath_develop.sh'
[2.732s] Level 1:colcon.colcon_core.environment:checking '/home/maciej/Sentinel_ws/install/sentinel_control' for CMake module files
[2.733s] Level 1:colcon.colcon_core.environment:checking '/home/maciej/Sentinel_ws/install/sentinel_control' for CMake config files
[2.734s] Level 1:colcon.colcon_core.environment:checking '/home/maciej/Sentinel_ws/install/sentinel_control/lib'
[2.735s] Level 1:colcon.colcon_core.environment:checking '/home/maciej/Sentinel_ws/install/sentinel_control/bin'
[2.735s] Level 1:colcon.colcon_core.environment:checking '/home/maciej/Sentinel_ws/install/sentinel_control/lib/pkgconfig/sentinel_control.pc'
[2.735s] Level 1:colcon.colcon_core.environment:checking '/home/maciej/Sentinel_ws/install/sentinel_control/lib/python3.10/site-packages'
[2.735s] Level 1:colcon.colcon_core.shell:create_environment_hook('sentinel_control', 'pythonpath')
[2.736s] INFO:colcon.colcon_core.shell:Creating environment hook '/home/maciej/Sentinel_ws/install/sentinel_control/share/sentinel_control/hook/pythonpath.ps1'
[2.737s] INFO:colcon.colcon_core.shell:Creating environment descriptor '/home/maciej/Sentinel_ws/install/sentinel_control/share/sentinel_control/hook/pythonpath.dsv'
[2.738s] INFO:colcon.colcon_core.shell:Creating environment hook '/home/maciej/Sentinel_ws/install/sentinel_control/share/sentinel_control/hook/pythonpath.sh'
[2.739s] Level 1:colcon.colcon_core.environment:checking '/home/maciej/Sentinel_ws/install/sentinel_control/bin'
[2.739s] Level 1:colcon.colcon_core.environment:create_environment_scripts_only(sentinel_control)
[2.740s] INFO:colcon.colcon_core.shell:Creating package script '/home/maciej/Sentinel_ws/install/sentinel_control/share/sentinel_control/package.ps1'
[2.742s] INFO:colcon.colcon_core.shell:Creating package descriptor '/home/maciej/Sentinel_ws/install/sentinel_control/share/sentinel_control/package.dsv'
[2.743s] INFO:colcon.colcon_core.shell:Creating package script '/home/maciej/Sentinel_ws/install/sentinel_control/share/sentinel_control/package.sh'
[2.745s] INFO:colcon.colcon_core.shell:Creating package script '/home/maciej/Sentinel_ws/install/sentinel_control/share/sentinel_control/package.bash'
[2.746s] INFO:colcon.colcon_core.shell:Creating package script '/home/maciej/Sentinel_ws/install/sentinel_control/share/sentinel_control/package.zsh'
[2.747s] Level 1:colcon.colcon_core.environment:create_file_with_runtime_dependencies(/home/maciej/Sentinel_ws/install/sentinel_control/share/colcon-core/packages/sentinel_control)
[2.747s] DEBUG:colcon.colcon_parallel_executor.executor.parallel:closing loop
[2.748s] DEBUG:colcon.colcon_parallel_executor.executor.parallel:loop closed
[2.749s] DEBUG:colcon.colcon_parallel_executor.executor.parallel:run_until_complete finished with '0'
[2.749s] DEBUG:colcon.colcon_core.event_reactor:joining thread
[2.772s] INFO:colcon.colcon_core.plugin_system:Skipping extension 'colcon_notification.desktop_notification.terminal_notifier': Not used on non-Darwin systems
[2.772s] INFO:colcon.colcon_core.plugin_system:Skipping extension 'colcon_notification.desktop_notification.win32': Not used on non-Windows systems
[2.772s] INFO:colcon.colcon_notification.desktop_notification:Sending desktop notification using 'notify2'
[2.804s] DEBUG:colcon.colcon_core.event_reactor:joined thread
[2.805s] INFO:colcon.colcon_core.shell:Creating prefix script '/home/maciej/Sentinel_ws/install/local_setup.ps1'
[2.808s] INFO:colcon.colcon_core.shell:Creating prefix util module '/home/maciej/Sentinel_ws/install/_local_setup_util_ps1.py'
[2.813s] INFO:colcon.colcon_core.shell:Creating prefix chain script '/home/maciej/Sentinel_ws/install/setup.ps1'
[2.827s] INFO:colcon.colcon_core.shell:Creating prefix script '/home/maciej/Sentinel_ws/install/local_setup.sh'
[2.830s] INFO:colcon.colcon_core.shell:Creating prefix util module '/home/maciej/Sentinel_ws/install/_local_setup_util_sh.py'
[2.832s] INFO:colcon.colcon_core.shell:Creating prefix chain script '/home/maciej/Sentinel_ws/install/setup.sh'
[2.847s] INFO:colcon.colcon_core.shell:Creating prefix script '/home/maciej/Sentinel_ws/install/local_setup.bash'
[2.849s] INFO:colcon.colcon_core.shell:Creating prefix chain script '/home/maciej/Sentinel_ws/install/setup.bash'
[2.858s] INFO:colcon.colcon_core.shell:Creating prefix script '/home/maciej/Sentinel_ws/install/local_setup.zsh'
[2.858s] INFO:colcon.colcon_core.shell:Creating prefix chain script '/home/maciej/Sentinel_ws/install/setup.zsh'
