[2.273s] Invoking command in '/home/maciej/Sentinel_ws/build/sentinel_control': PYTHONPATH=/home/maciej/Sentinel_ws/build/sentinel_control/prefix_override:/usr/lib/python3/dist-packages/colcon_core/task/python/colcon_distutils_commands:/home/maciej/Sentinel_ws/install/sentinel_control/lib/python3.10/site-packages:${PYTHONPATH} /usr/bin/python3 -W ignore:setup.py install is deprecated -W ignore:easy_install command is deprecated setup.py develop --editable --build-directory /home/maciej/Sentinel_ws/build/sentinel_control/build --no-deps symlink_data
[2.987s] running develop
[3.455s] running egg_info
[3.488s] writing sentinel_control.egg-info/PKG-INFO
[3.488s] writing dependency_links to sentinel_control.egg-info/dependency_links.txt
[3.489s] writing entry points to sentinel_control.egg-info/entry_points.txt
[3.489s] writing requirements to sentinel_control.egg-info/requires.txt
[3.490s] writing top-level names to sentinel_control.egg-info/top_level.txt
[3.589s] reading manifest file 'sentinel_control.egg-info/SOURCES.txt'
[3.592s] writing manifest file 'sentinel_control.egg-info/SOURCES.txt'
[3.626s] running build_ext
[3.626s] Creating /home/maciej/Sentinel_ws/install/sentinel_control/lib/python3.10/site-packages/sentinel-control.egg-link (link to .)
[3.628s] Installing map_obstacles script to /home/maciej/Sentinel_ws/install/sentinel_control/lib/sentinel_control
[3.628s] Installing map_obstacles_fast script to /home/maciej/Sentinel_ws/install/sentinel_control/lib/sentinel_control
[3.629s] Installing navigate_bt script to /home/maciej/Sentinel_ws/install/sentinel_control/lib/sentinel_control
[3.629s] Installing navigate_bt_fast script to /home/maciej/Sentinel_ws/install/sentinel_control/lib/sentinel_control
[3.629s] Installing path_planner script to /home/maciej/Sentinel_ws/install/sentinel_control/lib/sentinel_control
[3.629s] Installing path_planner_grey script to /home/maciej/Sentinel_ws/install/sentinel_control/lib/sentinel_control
[3.630s] Installing path_planner_single script to /home/maciej/Sentinel_ws/install/sentinel_control/lib/sentinel_control
[3.630s] 
[3.630s] Installed /home/maciej/Sentinel_ws/build/sentinel_control
[3.630s] running symlink_data
[3.781s] Invoked command in '/home/maciej/Sentinel_ws/build/sentinel_control' returned '0': PYTHONPATH=/home/maciej/Sentinel_ws/build/sentinel_control/prefix_override:/usr/lib/python3/dist-packages/colcon_core/task/python/colcon_distutils_commands:/home/maciej/Sentinel_ws/install/sentinel_control/lib/python3.10/site-packages:${PYTHONPATH} /usr/bin/python3 -W ignore:setup.py install is deprecated -W ignore:easy_install command is deprecated setup.py develop --editable --build-directory /home/maciej/Sentinel_ws/build/sentinel_control/build --no-deps symlink_data
