[0.222s] DEBUG:colcon:Command line arguments: ['/usr/bin/colcon', 'build', '--symlink-install']
[0.222s] DEBUG:colcon:Parsed command line arguments: Namespace(log_base=None, log_level=None, verb_name='build', build_base='build', install_base='install', merge_install=False, symlink_install=True, test_result_base=None, continue_on_error=False, executor='parallel', parallel_workers=8, event_handlers=None, ignore_user_meta=False, metas=['./colcon.meta'], base_paths=['.'], packages_ignore=None, packages_ignore_regex=None, paths=None, packages_up_to=None, packages_up_to_regex=None, packages_above=None, packages_above_and_dependencies=None, packages_above_depth=None, packages_select_by_dep=None, packages_skip_by_dep=None, packages_skip_up_to=None, packages_select_build_failed=False, packages_skip_build_finished=False, packages_select_test_failures=False, packages_skip_test_passed=False, packages_select=None, packages_skip=None, packages_select_regex=None, packages_skip_regex=None, packages_start=None, packages_end=None, allow_overriding=[], cmake_args=None, cmake_target=None, cmake_target_skip_unavailable=False, cmake_clean_cache=False, cmake_clean_first=False, cmake_force_configure=False, ament_cmake_args=None, catkin_cmake_args=None, catkin_skip_building_tests=False, verb_parser=<colcon_defaults.argument_parser.defaults.DefaultArgumentsDecorator object at 0x7610dbc66b60>, verb_extension=<colcon_core.verb.build.BuildVerb object at 0x7610dbc204c0>, main=<bound method BuildVerb.main of <colcon_core.verb.build.BuildVerb object at 0x7610dbc204c0>>)
[0.277s] Level 1:colcon.colcon_core.package_discovery:discover_packages(colcon_meta) check parameters
[0.277s] Level 1:colcon.colcon_core.package_discovery:discover_packages(recursive) check parameters
[0.277s] Level 1:colcon.colcon_core.package_discovery:discover_packages(ignore) check parameters
[0.277s] Level 1:colcon.colcon_core.package_discovery:discover_packages(path) check parameters
[0.277s] Level 1:colcon.colcon_core.package_discovery:discover_packages(colcon_meta) discover
[0.277s] Level 1:colcon.colcon_core.package_discovery:discover_packages(recursive) discover
[0.277s] INFO:colcon.colcon_core.package_discovery:Crawling recursively for packages in '/home/maciej/Sentinel_ws'
[0.278s] Level 1:colcon.colcon_core.package_identification:_identify(.) by extensions ['ignore', 'ignore_ament_install']
[0.278s] Level 1:colcon.colcon_core.package_identification:_identify(.) by extension 'ignore'
[0.278s] Level 1:colcon.colcon_core.package_identification:_identify(.) by extension 'ignore_ament_install'
[0.278s] Level 1:colcon.colcon_core.package_identification:_identify(.) by extensions ['colcon_pkg']
[0.278s] Level 1:colcon.colcon_core.package_identification:_identify(.) by extension 'colcon_pkg'
[0.278s] Level 1:colcon.colcon_core.package_identification:_identify(.) by extensions ['colcon_meta']
[0.278s] Level 1:colcon.colcon_core.package_identification:_identify(.) by extension 'colcon_meta'
[0.278s] Level 1:colcon.colcon_core.package_identification:_identify(.) by extensions ['ros']
[0.278s] Level 1:colcon.colcon_core.package_identification:_identify(.) by extension 'ros'
[0.311s] Level 1:colcon.colcon_core.package_identification:_identify(.) by extensions ['cmake', 'python']
[0.312s] Level 1:colcon.colcon_core.package_identification:_identify(.) by extension 'cmake'
[0.312s] Level 1:colcon.colcon_core.package_identification:_identify(.) by extension 'python'
[0.312s] Level 1:colcon.colcon_core.package_identification:_identify(.) by extensions ['python_setup_py']
[0.312s] Level 1:colcon.colcon_core.package_identification:_identify(.) by extension 'python_setup_py'
[0.313s] Level 1:colcon.colcon_core.package_identification:_identify(build) by extensions ['ignore', 'ignore_ament_install']
[0.314s] Level 1:colcon.colcon_core.package_identification:_identify(build) by extension 'ignore'
[0.314s] Level 1:colcon.colcon_core.package_identification:_identify(build) ignored
[0.314s] Level 1:colcon.colcon_core.package_identification:_identify(install) by extensions ['ignore', 'ignore_ament_install']
[0.315s] Level 1:colcon.colcon_core.package_identification:_identify(install) by extension 'ignore'
[0.315s] Level 1:colcon.colcon_core.package_identification:_identify(install) ignored
[0.315s] Level 1:colcon.colcon_core.package_identification:_identify(log) by extensions ['ignore', 'ignore_ament_install']
[0.316s] Level 1:colcon.colcon_core.package_identification:_identify(log) by extension 'ignore'
[0.316s] Level 1:colcon.colcon_core.package_identification:_identify(log) ignored
[0.316s] Level 1:colcon.colcon_core.package_identification:_identify(src) by extensions ['ignore', 'ignore_ament_install']
[0.316s] Level 1:colcon.colcon_core.package_identification:_identify(src) by extension 'ignore'
[0.317s] Level 1:colcon.colcon_core.package_identification:_identify(src) by extension 'ignore_ament_install'
[0.317s] Level 1:colcon.colcon_core.package_identification:_identify(src) by extensions ['colcon_pkg']
[0.317s] Level 1:colcon.colcon_core.package_identification:_identify(src) by extension 'colcon_pkg'
[0.317s] Level 1:colcon.colcon_core.package_identification:_identify(src) by extensions ['colcon_meta']
[0.317s] Level 1:colcon.colcon_core.package_identification:_identify(src) by extension 'colcon_meta'
[0.317s] Level 1:colcon.colcon_core.package_identification:_identify(src) by extensions ['ros']
[0.317s] Level 1:colcon.colcon_core.package_identification:_identify(src) by extension 'ros'
[0.317s] Level 1:colcon.colcon_core.package_identification:_identify(src) by extensions ['cmake', 'python']
[0.318s] Level 1:colcon.colcon_core.package_identification:_identify(src) by extension 'cmake'
[0.318s] Level 1:colcon.colcon_core.package_identification:_identify(src) by extension 'python'
[0.318s] Level 1:colcon.colcon_core.package_identification:_identify(src) by extensions ['python_setup_py']
[0.318s] Level 1:colcon.colcon_core.package_identification:_identify(src) by extension 'python_setup_py'
[0.318s] Level 1:colcon.colcon_core.package_identification:_identify(src/Sentinel) by extensions ['ignore', 'ignore_ament_install']
[0.319s] Level 1:colcon.colcon_core.package_identification:_identify(src/Sentinel) by extension 'ignore'
[0.319s] Level 1:colcon.colcon_core.package_identification:_identify(src/Sentinel) by extension 'ignore_ament_install'
[0.319s] Level 1:colcon.colcon_core.package_identification:_identify(src/Sentinel) by extensions ['colcon_pkg']
[0.319s] Level 1:colcon.colcon_core.package_identification:_identify(src/Sentinel) by extension 'colcon_pkg'
[0.319s] Level 1:colcon.colcon_core.package_identification:_identify(src/Sentinel) by extensions ['colcon_meta']
[0.320s] Level 1:colcon.colcon_core.package_identification:_identify(src/Sentinel) by extension 'colcon_meta'
[0.320s] Level 1:colcon.colcon_core.package_identification:_identify(src/Sentinel) by extensions ['ros']
[0.320s] Level 1:colcon.colcon_core.package_identification:_identify(src/Sentinel) by extension 'ros'
[0.327s] DEBUG:colcon.colcon_core.package_identification:Package 'src/Sentinel' with type 'ros.ament_cmake' and name 'Sentinel'
[0.327s] Level 1:colcon.colcon_core.package_identification:_identify(src/sentinel_control) by extensions ['ignore', 'ignore_ament_install']
[0.328s] Level 1:colcon.colcon_core.package_identification:_identify(src/sentinel_control) by extension 'ignore'
[0.328s] Level 1:colcon.colcon_core.package_identification:_identify(src/sentinel_control) by extension 'ignore_ament_install'
[0.328s] Level 1:colcon.colcon_core.package_identification:_identify(src/sentinel_control) by extensions ['colcon_pkg']
[0.328s] Level 1:colcon.colcon_core.package_identification:_identify(src/sentinel_control) by extension 'colcon_pkg'
[0.328s] Level 1:colcon.colcon_core.package_identification:_identify(src/sentinel_control) by extensions ['colcon_meta']
[0.328s] Level 1:colcon.colcon_core.package_identification:_identify(src/sentinel_control) by extension 'colcon_meta'
[0.328s] Level 1:colcon.colcon_core.package_identification:_identify(src/sentinel_control) by extensions ['ros']
[0.328s] Level 1:colcon.colcon_core.package_identification:_identify(src/sentinel_control) by extension 'ros'
[0.330s] DEBUG:colcon.colcon_core.package_identification:Package 'src/sentinel_control' with type 'ros.ament_python' and name 'sentinel_control'
[0.330s] Level 1:colcon.colcon_core.package_discovery:discover_packages(recursive) using defaults
[0.330s] Level 1:colcon.colcon_core.package_discovery:discover_packages(ignore) discover
[0.330s] Level 1:colcon.colcon_core.package_discovery:discover_packages(ignore) using defaults
[0.330s] Level 1:colcon.colcon_core.package_discovery:discover_packages(path) discover
[0.330s] Level 1:colcon.colcon_core.package_discovery:discover_packages(path) using defaults
[0.418s] Level 1:colcon.colcon_core.package_discovery:discover_packages(prefix_path) check parameters
[0.418s] Level 1:colcon.colcon_core.package_discovery:discover_packages(prefix_path) discover
[0.432s] DEBUG:colcon.colcon_installed_package_information.package_discovery:Found 2 installed packages in /home/maciej/Sentinel_ws/install
[0.436s] DEBUG:colcon.colcon_installed_package_information.package_discovery:Found 87 installed packages in /home/maciej/ros2_ws/install
[0.438s] DEBUG:colcon.colcon_installed_package_information.package_discovery:Found 5 installed packages in /home/maciej/Sim/MecHaRo-Lab_ROSBot2Pro/ws_ros2_husarion/install
[0.441s] DEBUG:colcon.colcon_installed_package_information.package_discovery:Found 452 installed packages in /opt/ros/humble
[0.449s] Level 1:colcon.colcon_core.package_discovery:discover_packages(prefix_path) using defaults
[0.583s] Level 5:colcon.colcon_core.verb:set package 'Sentinel' build argument 'cmake_args' from command line to 'None'
[0.583s] Level 5:colcon.colcon_core.verb:set package 'Sentinel' build argument 'cmake_target' from command line to 'None'
[0.583s] Level 5:colcon.colcon_core.verb:set package 'Sentinel' build argument 'cmake_target_skip_unavailable' from command line to 'False'
[0.583s] Level 5:colcon.colcon_core.verb:set package 'Sentinel' build argument 'cmake_clean_cache' from command line to 'False'
[0.583s] Level 5:colcon.colcon_core.verb:set package 'Sentinel' build argument 'cmake_clean_first' from command line to 'False'
[0.583s] Level 5:colcon.colcon_core.verb:set package 'Sentinel' build argument 'cmake_force_configure' from command line to 'False'
[0.583s] Level 5:colcon.colcon_core.verb:set package 'Sentinel' build argument 'ament_cmake_args' from command line to 'None'
[0.583s] Level 5:colcon.colcon_core.verb:set package 'Sentinel' build argument 'catkin_cmake_args' from command line to 'None'
[0.583s] Level 5:colcon.colcon_core.verb:set package 'Sentinel' build argument 'catkin_skip_building_tests' from command line to 'False'
[0.584s] DEBUG:colcon.colcon_core.verb:Building package 'Sentinel' with the following arguments: {'ament_cmake_args': None, 'build_base': '/home/maciej/Sentinel_ws/build/Sentinel', 'catkin_cmake_args': None, 'catkin_skip_building_tests': False, 'cmake_args': None, 'cmake_clean_cache': False, 'cmake_clean_first': False, 'cmake_force_configure': False, 'cmake_target': None, 'cmake_target_skip_unavailable': False, 'install_base': '/home/maciej/Sentinel_ws/install/Sentinel', 'merge_install': False, 'path': '/home/maciej/Sentinel_ws/src/Sentinel', 'symlink_install': True, 'test_result_base': None}
[0.584s] Level 5:colcon.colcon_core.verb:set package 'sentinel_control' build argument 'cmake_args' from command line to 'None'
[0.584s] Level 5:colcon.colcon_core.verb:set package 'sentinel_control' build argument 'cmake_target' from command line to 'None'
[0.584s] Level 5:colcon.colcon_core.verb:set package 'sentinel_control' build argument 'cmake_target_skip_unavailable' from command line to 'False'
[0.584s] Level 5:colcon.colcon_core.verb:set package 'sentinel_control' build argument 'cmake_clean_cache' from command line to 'False'
[0.584s] Level 5:colcon.colcon_core.verb:set package 'sentinel_control' build argument 'cmake_clean_first' from command line to 'False'
[0.584s] Level 5:colcon.colcon_core.verb:set package 'sentinel_control' build argument 'cmake_force_configure' from command line to 'False'
[0.584s] Level 5:colcon.colcon_core.verb:set package 'sentinel_control' build argument 'ament_cmake_args' from command line to 'None'
[0.584s] Level 5:colcon.colcon_core.verb:set package 'sentinel_control' build argument 'catkin_cmake_args' from command line to 'None'
[0.584s] Level 5:colcon.colcon_core.verb:set package 'sentinel_control' build argument 'catkin_skip_building_tests' from command line to 'False'
[0.584s] DEBUG:colcon.colcon_core.verb:Building package 'sentinel_control' with the following arguments: {'ament_cmake_args': None, 'build_base': '/home/maciej/Sentinel_ws/build/sentinel_control', 'catkin_cmake_args': None, 'catkin_skip_building_tests': False, 'cmake_args': None, 'cmake_clean_cache': False, 'cmake_clean_first': False, 'cmake_force_configure': False, 'cmake_target': None, 'cmake_target_skip_unavailable': False, 'install_base': '/home/maciej/Sentinel_ws/install/sentinel_control', 'merge_install': False, 'path': '/home/maciej/Sentinel_ws/src/sentinel_control', 'symlink_install': True, 'test_result_base': None}
[0.585s] INFO:colcon.colcon_core.executor:Executing jobs using 'parallel' executor
[0.586s] DEBUG:colcon.colcon_parallel_executor.executor.parallel:run_until_complete
[0.586s] INFO:colcon.colcon_ros.task.ament_cmake.build:Building ROS package in '/home/maciej/Sentinel_ws/src/Sentinel' with build type 'ament_cmake'
[0.587s] INFO:colcon.colcon_cmake.task.cmake.build:Building CMake package in '/home/maciej/Sentinel_ws/src/Sentinel'
[0.591s] INFO:colcon.colcon_core.plugin_system:Skipping extension 'colcon_core.shell.bat': Not used on non-Windows systems
[0.591s] INFO:colcon.colcon_core.shell:Skip shell extension 'powershell' for command environment: Not usable outside of PowerShell
[0.592s] DEBUG:colcon.colcon_core.shell:Skip shell extension 'dsv' for command environment
[0.609s] INFO:colcon.colcon_ros.task.ament_python.build:Building ROS package in '/home/maciej/Sentinel_ws/src/sentinel_control' with build type 'ament_python'
[0.610s] Level 1:colcon.colcon_core.shell:create_environment_hook('sentinel_control', 'ament_prefix_path')
[0.610s] INFO:colcon.colcon_core.shell:Creating environment hook '/home/maciej/Sentinel_ws/install/sentinel_control/share/sentinel_control/hook/ament_prefix_path.ps1'
[0.613s] INFO:colcon.colcon_core.shell:Creating environment descriptor '/home/maciej/Sentinel_ws/install/sentinel_control/share/sentinel_control/hook/ament_prefix_path.dsv'
[0.615s] INFO:colcon.colcon_core.shell:Creating environment hook '/home/maciej/Sentinel_ws/install/sentinel_control/share/sentinel_control/hook/ament_prefix_path.sh'
[0.618s] INFO:colcon.colcon_core.shell:Skip shell extension 'powershell' for command environment: Not usable outside of PowerShell
[0.619s] DEBUG:colcon.colcon_core.shell:Skip shell extension 'dsv' for command environment
[0.641s] DEBUG:colcon.colcon_core.event_handler.log_command:Invoking command in '/home/maciej/Sentinel_ws/build/Sentinel': CMAKE_PREFIX_PATH=${CMAKE_PREFIX_PATH}:/home/maciej/Sentinel_ws/install/sentinel_control:/home/maciej/ros2_ws/install/webots_ros2:/home/maciej/ros2_ws/install/webots_ros2_universal_robot:/home/maciej/ros2_ws/install/webots_ros2_turtlebot:/home/maciej/ros2_ws/install/webots_ros2_tiago:/home/maciej/ros2_ws/install/webots_ros2_tests:/home/maciej/ros2_ws/install/webots_ros2_tesla:/home/maciej/ros2_ws/install/webots_ros2_mavic:/home/maciej/ros2_ws/install/webots_ros2_epuck:/home/maciej/ros2_ws/install/topic_monitor:/home/maciej/ros2_ws/install/self_balancing_robot:/home/maciej/ros2_ws/install/quality_of_service_demo_py:/home/maciej/ros2_ws/install/nav2_simple_commander:/home/maciej/ros2_ws/install/lifecycle_py:/home/maciej/ros2_ws/install/joy_tester:/home/maciej/ros2_ws/install/demo_nodes_py:/home/maciej/ros2_ws/install/action_tutorials_py:/home/maciej/Sim/MecHaRo-Lab_ROSBot2Pro/ws_ros2_husarion/install/webots_ros2_husarion:/opt/ros/humble /usr/bin/cmake --build /home/maciej/Sentinel_ws/build/Sentinel -- -j8 -l8
[1.154s] INFO:colcon.colcon_core.task.python.build:Building Python package in '/home/maciej/Sentinel_ws/src/sentinel_control'
[1.154s] INFO:colcon.colcon_core.shell:Skip shell extension 'powershell' for command environment: Not usable outside of PowerShell
[1.154s] DEBUG:colcon.colcon_core.shell:Skip shell extension 'dsv' for command environment
[1.173s] DEBUG:colcon.colcon_core.event_handler.log_command:Invoked command in '/home/maciej/Sentinel_ws/build/Sentinel' returned '0': CMAKE_PREFIX_PATH=${CMAKE_PREFIX_PATH}:/home/maciej/Sentinel_ws/install/sentinel_control:/home/maciej/ros2_ws/install/webots_ros2:/home/maciej/ros2_ws/install/webots_ros2_universal_robot:/home/maciej/ros2_ws/install/webots_ros2_turtlebot:/home/maciej/ros2_ws/install/webots_ros2_tiago:/home/maciej/ros2_ws/install/webots_ros2_tests:/home/maciej/ros2_ws/install/webots_ros2_tesla:/home/maciej/ros2_ws/install/webots_ros2_mavic:/home/maciej/ros2_ws/install/webots_ros2_epuck:/home/maciej/ros2_ws/install/topic_monitor:/home/maciej/ros2_ws/install/self_balancing_robot:/home/maciej/ros2_ws/install/quality_of_service_demo_py:/home/maciej/ros2_ws/install/nav2_simple_commander:/home/maciej/ros2_ws/install/lifecycle_py:/home/maciej/ros2_ws/install/joy_tester:/home/maciej/ros2_ws/install/demo_nodes_py:/home/maciej/ros2_ws/install/action_tutorials_py:/home/maciej/Sim/MecHaRo-Lab_ROSBot2Pro/ws_ros2_husarion/install/webots_ros2_husarion:/opt/ros/humble /usr/bin/cmake --build /home/maciej/Sentinel_ws/build/Sentinel -- -j8 -l8
[1.202s] DEBUG:colcon.colcon_core.event_handler.log_command:Invoking command in '/home/maciej/Sentinel_ws/build/Sentinel': CMAKE_PREFIX_PATH=${CMAKE_PREFIX_PATH}:/home/maciej/Sentinel_ws/install/sentinel_control:/home/maciej/ros2_ws/install/webots_ros2:/home/maciej/ros2_ws/install/webots_ros2_universal_robot:/home/maciej/ros2_ws/install/webots_ros2_turtlebot:/home/maciej/ros2_ws/install/webots_ros2_tiago:/home/maciej/ros2_ws/install/webots_ros2_tests:/home/maciej/ros2_ws/install/webots_ros2_tesla:/home/maciej/ros2_ws/install/webots_ros2_mavic:/home/maciej/ros2_ws/install/webots_ros2_epuck:/home/maciej/ros2_ws/install/topic_monitor:/home/maciej/ros2_ws/install/self_balancing_robot:/home/maciej/ros2_ws/install/quality_of_service_demo_py:/home/maciej/ros2_ws/install/nav2_simple_commander:/home/maciej/ros2_ws/install/lifecycle_py:/home/maciej/ros2_ws/install/joy_tester:/home/maciej/ros2_ws/install/demo_nodes_py:/home/maciej/ros2_ws/install/action_tutorials_py:/home/maciej/Sim/MecHaRo-Lab_ROSBot2Pro/ws_ros2_husarion/install/webots_ros2_husarion:/opt/ros/humble /usr/bin/cmake --install /home/maciej/Sentinel_ws/build/Sentinel
[1.287s] Level 1:colcon.colcon_core.environment:create_environment_scripts_only(Sentinel)
[1.289s] DEBUG:colcon.colcon_core.event_handler.log_command:Invoked command in '/home/maciej/Sentinel_ws/build/Sentinel' returned '0': CMAKE_PREFIX_PATH=${CMAKE_PREFIX_PATH}:/home/maciej/Sentinel_ws/install/sentinel_control:/home/maciej/ros2_ws/install/webots_ros2:/home/maciej/ros2_ws/install/webots_ros2_universal_robot:/home/maciej/ros2_ws/install/webots_ros2_turtlebot:/home/maciej/ros2_ws/install/webots_ros2_tiago:/home/maciej/ros2_ws/install/webots_ros2_tests:/home/maciej/ros2_ws/install/webots_ros2_tesla:/home/maciej/ros2_ws/install/webots_ros2_mavic:/home/maciej/ros2_ws/install/webots_ros2_epuck:/home/maciej/ros2_ws/install/topic_monitor:/home/maciej/ros2_ws/install/self_balancing_robot:/home/maciej/ros2_ws/install/quality_of_service_demo_py:/home/maciej/ros2_ws/install/nav2_simple_commander:/home/maciej/ros2_ws/install/lifecycle_py:/home/maciej/ros2_ws/install/joy_tester:/home/maciej/ros2_ws/install/demo_nodes_py:/home/maciej/ros2_ws/install/action_tutorials_py:/home/maciej/Sim/MecHaRo-Lab_ROSBot2Pro/ws_ros2_husarion/install/webots_ros2_husarion:/opt/ros/humble /usr/bin/cmake --install /home/maciej/Sentinel_ws/build/Sentinel
[1.294s] Level 1:colcon.colcon_core.environment:checking '/home/maciej/Sentinel_ws/install/Sentinel' for CMake module files
[1.295s] Level 1:colcon.colcon_core.environment:checking '/home/maciej/Sentinel_ws/install/Sentinel' for CMake config files
[1.295s] Level 1:colcon.colcon_core.shell:create_environment_hook('Sentinel', 'cmake_prefix_path')
[1.295s] INFO:colcon.colcon_core.shell:Creating environment hook '/home/maciej/Sentinel_ws/install/Sentinel/share/Sentinel/hook/cmake_prefix_path.ps1'
[1.297s] INFO:colcon.colcon_core.shell:Creating environment descriptor '/home/maciej/Sentinel_ws/install/Sentinel/share/Sentinel/hook/cmake_prefix_path.dsv'
[1.297s] INFO:colcon.colcon_core.shell:Creating environment hook '/home/maciej/Sentinel_ws/install/Sentinel/share/Sentinel/hook/cmake_prefix_path.sh'
[1.298s] Level 1:colcon.colcon_core.environment:checking '/home/maciej/Sentinel_ws/install/Sentinel/bin'
[1.298s] Level 1:colcon.colcon_core.environment:checking '/home/maciej/Sentinel_ws/install/Sentinel/lib/pkgconfig/Sentinel.pc'
[1.299s] Level 1:colcon.colcon_core.environment:checking '/home/maciej/Sentinel_ws/install/Sentinel/lib/python3.10/site-packages'
[1.299s] Level 1:colcon.colcon_core.environment:checking '/home/maciej/Sentinel_ws/install/Sentinel/bin'
[1.300s] INFO:colcon.colcon_core.shell:Creating package script '/home/maciej/Sentinel_ws/install/Sentinel/share/Sentinel/package.ps1'
[1.301s] INFO:colcon.colcon_core.shell:Creating package descriptor '/home/maciej/Sentinel_ws/install/Sentinel/share/Sentinel/package.dsv'
[1.302s] INFO:colcon.colcon_core.shell:Creating package script '/home/maciej/Sentinel_ws/install/Sentinel/share/Sentinel/package.sh'
[1.303s] INFO:colcon.colcon_core.shell:Creating package script '/home/maciej/Sentinel_ws/install/Sentinel/share/Sentinel/package.bash'
[1.304s] INFO:colcon.colcon_core.shell:Creating package script '/home/maciej/Sentinel_ws/install/Sentinel/share/Sentinel/package.zsh'
[1.305s] Level 1:colcon.colcon_core.environment:create_file_with_runtime_dependencies(/home/maciej/Sentinel_ws/install/Sentinel/share/colcon-core/packages/Sentinel)
[1.307s] Level 1:colcon.colcon_core.environment:create_environment_scripts_only(Sentinel)
[1.308s] Level 1:colcon.colcon_core.environment:checking '/home/maciej/Sentinel_ws/install/Sentinel' for CMake module files
[1.308s] Level 1:colcon.colcon_core.environment:checking '/home/maciej/Sentinel_ws/install/Sentinel' for CMake config files
[1.309s] Level 1:colcon.colcon_core.shell:create_environment_hook('Sentinel', 'cmake_prefix_path')
[1.309s] INFO:colcon.colcon_core.shell:Creating environment hook '/home/maciej/Sentinel_ws/install/Sentinel/share/Sentinel/hook/cmake_prefix_path.ps1'
[1.310s] INFO:colcon.colcon_core.shell:Creating environment descriptor '/home/maciej/Sentinel_ws/install/Sentinel/share/Sentinel/hook/cmake_prefix_path.dsv'
[1.311s] INFO:colcon.colcon_core.shell:Creating environment hook '/home/maciej/Sentinel_ws/install/Sentinel/share/Sentinel/hook/cmake_prefix_path.sh'
[1.312s] Level 1:colcon.colcon_core.environment:checking '/home/maciej/Sentinel_ws/install/Sentinel/bin'
[1.312s] Level 1:colcon.colcon_core.environment:checking '/home/maciej/Sentinel_ws/install/Sentinel/lib/pkgconfig/Sentinel.pc'
[1.312s] Level 1:colcon.colcon_core.environment:checking '/home/maciej/Sentinel_ws/install/Sentinel/lib/python3.10/site-packages'
[1.313s] Level 1:colcon.colcon_core.environment:checking '/home/maciej/Sentinel_ws/install/Sentinel/bin'
[1.313s] INFO:colcon.colcon_core.shell:Creating package script '/home/maciej/Sentinel_ws/install/Sentinel/share/Sentinel/package.ps1'
[1.314s] INFO:colcon.colcon_core.shell:Creating package descriptor '/home/maciej/Sentinel_ws/install/Sentinel/share/Sentinel/package.dsv'
[1.315s] INFO:colcon.colcon_core.shell:Creating package script '/home/maciej/Sentinel_ws/install/Sentinel/share/Sentinel/package.sh'
[1.316s] INFO:colcon.colcon_core.shell:Creating package script '/home/maciej/Sentinel_ws/install/Sentinel/share/Sentinel/package.bash'
[1.317s] INFO:colcon.colcon_core.shell:Creating package script '/home/maciej/Sentinel_ws/install/Sentinel/share/Sentinel/package.zsh'
[1.318s] Level 1:colcon.colcon_core.environment:create_file_with_runtime_dependencies(/home/maciej/Sentinel_ws/install/Sentinel/share/colcon-core/packages/Sentinel)
[2.441s] DEBUG:colcon.colcon_core.event_handler.log_command:Invoking command in '/home/maciej/Sentinel_ws/build/sentinel_control': PYTHONPATH=/home/maciej/Sentinel_ws/build/sentinel_control/prefix_override:/usr/lib/python3/dist-packages/colcon_core/task/python/colcon_distutils_commands:/home/maciej/Sentinel_ws/install/sentinel_control/lib/python3.10/site-packages:${PYTHONPATH} /usr/bin/python3 -W ignore:setup.py install is deprecated -W ignore:easy_install command is deprecated setup.py develop --editable --build-directory /home/maciej/Sentinel_ws/build/sentinel_control/build --no-deps symlink_data
[3.877s] Level 1:colcon.colcon_core.shell:create_environment_hook('sentinel_control', 'pythonpath_develop')
[3.878s] INFO:colcon.colcon_core.shell:Creating environment hook '/home/maciej/Sentinel_ws/build/sentinel_control/share/sentinel_control/hook/pythonpath_develop.ps1'
[3.878s] DEBUG:colcon.colcon_core.event_handler.log_command:Invoked command in '/home/maciej/Sentinel_ws/build/sentinel_control' returned '0': PYTHONPATH=/home/maciej/Sentinel_ws/build/sentinel_control/prefix_override:/usr/lib/python3/dist-packages/colcon_core/task/python/colcon_distutils_commands:/home/maciej/Sentinel_ws/install/sentinel_control/lib/python3.10/site-packages:${PYTHONPATH} /usr/bin/python3 -W ignore:setup.py install is deprecated -W ignore:easy_install command is deprecated setup.py develop --editable --build-directory /home/maciej/Sentinel_ws/build/sentinel_control/build --no-deps symlink_data
[3.879s] INFO:colcon.colcon_core.shell:Creating environment descriptor '/home/maciej/Sentinel_ws/build/sentinel_control/share/sentinel_control/hook/pythonpath_develop.dsv'
[3.880s] INFO:colcon.colcon_core.shell:Creating environment hook '/home/maciej/Sentinel_ws/build/sentinel_control/share/sentinel_control/hook/pythonpath_develop.sh'
[3.881s] Level 1:colcon.colcon_core.environment:checking '/home/maciej/Sentinel_ws/install/sentinel_control' for CMake module files
[3.881s] Level 1:colcon.colcon_core.environment:checking '/home/maciej/Sentinel_ws/install/sentinel_control' for CMake config files
[3.882s] Level 1:colcon.colcon_core.environment:checking '/home/maciej/Sentinel_ws/install/sentinel_control/lib'
[3.882s] Level 1:colcon.colcon_core.environment:checking '/home/maciej/Sentinel_ws/install/sentinel_control/bin'
[3.882s] Level 1:colcon.colcon_core.environment:checking '/home/maciej/Sentinel_ws/install/sentinel_control/lib/pkgconfig/sentinel_control.pc'
[3.882s] Level 1:colcon.colcon_core.environment:checking '/home/maciej/Sentinel_ws/install/sentinel_control/lib/python3.10/site-packages'
[3.882s] Level 1:colcon.colcon_core.shell:create_environment_hook('sentinel_control', 'pythonpath')
[3.883s] INFO:colcon.colcon_core.shell:Creating environment hook '/home/maciej/Sentinel_ws/install/sentinel_control/share/sentinel_control/hook/pythonpath.ps1'
[3.883s] INFO:colcon.colcon_core.shell:Creating environment descriptor '/home/maciej/Sentinel_ws/install/sentinel_control/share/sentinel_control/hook/pythonpath.dsv'
[3.884s] INFO:colcon.colcon_core.shell:Creating environment hook '/home/maciej/Sentinel_ws/install/sentinel_control/share/sentinel_control/hook/pythonpath.sh'
[3.884s] Level 1:colcon.colcon_core.environment:checking '/home/maciej/Sentinel_ws/install/sentinel_control/bin'
[3.884s] Level 1:colcon.colcon_core.environment:create_environment_scripts_only(sentinel_control)
[3.885s] INFO:colcon.colcon_core.shell:Creating package script '/home/maciej/Sentinel_ws/install/sentinel_control/share/sentinel_control/package.ps1'
[3.886s] INFO:colcon.colcon_core.shell:Creating package descriptor '/home/maciej/Sentinel_ws/install/sentinel_control/share/sentinel_control/package.dsv'
[3.886s] INFO:colcon.colcon_core.shell:Creating package script '/home/maciej/Sentinel_ws/install/sentinel_control/share/sentinel_control/package.sh'
[3.887s] INFO:colcon.colcon_core.shell:Creating package script '/home/maciej/Sentinel_ws/install/sentinel_control/share/sentinel_control/package.bash'
[3.887s] INFO:colcon.colcon_core.shell:Creating package script '/home/maciej/Sentinel_ws/install/sentinel_control/share/sentinel_control/package.zsh'
[3.888s] Level 1:colcon.colcon_core.environment:create_file_with_runtime_dependencies(/home/maciej/Sentinel_ws/install/sentinel_control/share/colcon-core/packages/sentinel_control)
[3.888s] DEBUG:colcon.colcon_parallel_executor.executor.parallel:closing loop
[3.889s] DEBUG:colcon.colcon_parallel_executor.executor.parallel:loop closed
[3.889s] DEBUG:colcon.colcon_parallel_executor.executor.parallel:run_until_complete finished with '0'
[3.889s] DEBUG:colcon.colcon_core.event_reactor:joining thread
[3.903s] INFO:colcon.colcon_core.plugin_system:Skipping extension 'colcon_notification.desktop_notification.terminal_notifier': Not used on non-Darwin systems
[3.903s] INFO:colcon.colcon_core.plugin_system:Skipping extension 'colcon_notification.desktop_notification.win32': Not used on non-Windows systems
[3.903s] INFO:colcon.colcon_notification.desktop_notification:Sending desktop notification using 'notify2'
[3.925s] DEBUG:colcon.colcon_core.event_reactor:joined thread
[3.926s] INFO:colcon.colcon_core.shell:Creating prefix script '/home/maciej/Sentinel_ws/install/local_setup.ps1'
[3.930s] INFO:colcon.colcon_core.shell:Creating prefix util module '/home/maciej/Sentinel_ws/install/_local_setup_util_ps1.py'
[3.938s] INFO:colcon.colcon_core.shell:Creating prefix chain script '/home/maciej/Sentinel_ws/install/setup.ps1'
[3.955s] INFO:colcon.colcon_core.shell:Creating prefix script '/home/maciej/Sentinel_ws/install/local_setup.sh'
[3.958s] INFO:colcon.colcon_core.shell:Creating prefix util module '/home/maciej/Sentinel_ws/install/_local_setup_util_sh.py'
[3.960s] INFO:colcon.colcon_core.shell:Creating prefix chain script '/home/maciej/Sentinel_ws/install/setup.sh'
[3.977s] INFO:colcon.colcon_core.shell:Creating prefix script '/home/maciej/Sentinel_ws/install/local_setup.bash'
[3.978s] INFO:colcon.colcon_core.shell:Creating prefix chain script '/home/maciej/Sentinel_ws/install/setup.bash'
[3.986s] INFO:colcon.colcon_core.shell:Creating prefix script '/home/maciej/Sentinel_ws/install/local_setup.zsh'
[3.987s] INFO:colcon.colcon_core.shell:Creating prefix chain script '/home/maciej/Sentinel_ws/install/setup.zsh'
