running develop
running egg_info
creating sentinel_control.egg-info
writing sentinel_control.egg-info/PKG-INFO
writing dependency_links to sentinel_control.egg-info/dependency_links.txt
writing entry points to sentinel_control.egg-info/entry_points.txt
writing requirements to sentinel_control.egg-info/requires.txt
writing top-level names to sentinel_control.egg-info/top_level.txt
writing manifest file 'sentinel_control.egg-info/SOURCES.txt'
reading manifest file 'sentinel_control.egg-info/SOURCES.txt'
writing manifest file 'sentinel_control.egg-info/SOURCES.txt'
running build_ext
Creating /home/maciej/Sentinel_ws/install/sentinel_control/lib/python3.10/site-packages/sentinel-control.egg-link (link to .)
Installing map_obstacles.py script to /home/maciej/Sentinel_ws/install/sentinel_control/lib/sentinel_control
Installing navigate_bt.py script to /home/maciej/Sentinel_ws/install/sentinel_control/lib/sentinel_control
Installing path_planner.py script to /home/maciej/Sentinel_ws/install/sentinel_control/lib/sentinel_control

Installed /home/maciej/Sentinel_ws/build/sentinel_control
running symlink_data
creating /home/maciej/Sentinel_ws/install/sentinel_control/share/ament_index
creating /home/maciej/Sentinel_ws/install/sentinel_control/share/ament_index/resource_index
creating /home/maciej/Sentinel_ws/install/sentinel_control/share/ament_index/resource_index/packages
symbolically linking /home/maciej/Sentinel_ws/build/sentinel_control/resource/sentinel_control -> /home/maciej/Sentinel_ws/install/sentinel_control/share/ament_index/resource_index/packages
symbolically linking /home/maciej/Sentinel_ws/build/sentinel_control/package.xml -> /home/maciej/Sentinel_ws/install/sentinel_control/share/sentinel_control
