[1.901s] Invoking command in '/home/maciej/Sentinel_ws/build/sentinel_control': PYTHONPATH=/home/maciej/Sentinel_ws/build/sentinel_control/prefix_override:/usr/lib/python3/dist-packages/colcon_core/task/python/colcon_distutils_commands:/home/maciej/Sentinel_ws/install/sentinel_control/lib/python3.10/site-packages:${PYTHONPATH} /usr/bin/python3 -W ignore:setup.py install is deprecated -W ignore:easy_install command is deprecated setup.py develop --editable --build-directory /home/maciej/Sentinel_ws/build/sentinel_control/build --no-deps symlink_data
[2.428s] running develop
[2.793s] running egg_info
[2.793s] creating sentinel_control.egg-info
[2.816s] writing sentinel_control.egg-info/PKG-INFO
[2.816s] writing dependency_links to sentinel_control.egg-info/dependency_links.txt
[2.816s] writing entry points to sentinel_control.egg-info/entry_points.txt
[2.817s] writing requirements to sentinel_control.egg-info/requires.txt
[2.817s] writing top-level names to sentinel_control.egg-info/top_level.txt
[2.817s] writing manifest file 'sentinel_control.egg-info/SOURCES.txt'
[2.879s] reading manifest file 'sentinel_control.egg-info/SOURCES.txt'
[2.879s] writing manifest file 'sentinel_control.egg-info/SOURCES.txt'
[2.906s] running build_ext
[2.907s] Creating /home/maciej/Sentinel_ws/install/sentinel_control/lib/python3.10/site-packages/sentinel-control.egg-link (link to .)
[2.908s] Installing map_obstacles.py script to /home/maciej/Sentinel_ws/install/sentinel_control/lib/sentinel_control
[2.908s] Installing navigate_bt.py script to /home/maciej/Sentinel_ws/install/sentinel_control/lib/sentinel_control
[2.908s] Installing path_planner.py script to /home/maciej/Sentinel_ws/install/sentinel_control/lib/sentinel_control
[2.909s] 
[2.909s] Installed /home/maciej/Sentinel_ws/build/sentinel_control
[2.909s] running symlink_data
[2.910s] creating /home/maciej/Sentinel_ws/install/sentinel_control/share/ament_index
[2.910s] creating /home/maciej/Sentinel_ws/install/sentinel_control/share/ament_index/resource_index
[2.910s] creating /home/maciej/Sentinel_ws/install/sentinel_control/share/ament_index/resource_index/packages
[2.910s] symbolically linking /home/maciej/Sentinel_ws/build/sentinel_control/resource/sentinel_control -> /home/maciej/Sentinel_ws/install/sentinel_control/share/ament_index/resource_index/packages
[2.910s] symbolically linking /home/maciej/Sentinel_ws/build/sentinel_control/package.xml -> /home/maciej/Sentinel_ws/install/sentinel_control/share/sentinel_control
[3.008s] Invoked command in '/home/maciej/Sentinel_ws/build/sentinel_control' returned '0': PYTHONPATH=/home/maciej/Sentinel_ws/build/sentinel_control/prefix_override:/usr/lib/python3/dist-packages/colcon_core/task/python/colcon_distutils_commands:/home/maciej/Sentinel_ws/install/sentinel_control/lib/python3.10/site-packages:${PYTHONPATH} /usr/bin/python3 -W ignore:setup.py install is deprecated -W ignore:easy_install command is deprecated setup.py develop --editable --build-directory /home/maciej/Sentinel_ws/build/sentinel_control/build --no-deps symlink_data
